2023-12-05 22:15:55.412 UTC [1721] LOG:  starting PostgreSQL 13.13 (Ubuntu 13.13-1.pgdg20.04+1) on aarch64-unknown-linux-gnu, compiled by gcc (Ubuntu 9.4.0-1ubuntu1~20.04.2) 9.4.0, 64-bit
2023-12-05 22:15:55.412 UTC [1721] LOG:  listening on IPv4 address "127.0.0.1", port 5432
2023-12-05 22:15:55.414 UTC [1721] LOG:  listening on Unix socket "/var/run/postgresql/.s.PGSQL.5432"
2023-12-05 22:15:55.420 UTC [1749] LOG:  database system was shut down at 2023-12-05 22:15:54 UTC
2023-12-05 22:15:55.426 UTC [1721] LOG:  database system is ready to accept connections
2023-12-05 23:58:09.635 UTC [1721] LOG:  received smart shutdown request
2023-12-05 23:58:09.640 UTC [1721] LOG:  background worker "logical replication launcher" (PID 1761) exited with exit code 1
2023-12-05 23:58:09.640 UTC [1756] LOG:  shutting down
2023-12-05 23:58:09.661 UTC [1721] LOG:  database system is shut down
2023-12-05 23:58:27.839 UTC [1509] LOG:  starting PostgreSQL 13.13 (Ubuntu 13.13-1.pgdg20.04+1) on aarch64-unknown-linux-gnu, compiled by gcc (Ubuntu 9.4.0-1ubuntu1~20.04.2) 9.4.0, 64-bit
2023-12-05 23:58:27.839 UTC [1509] LOG:  listening on IPv4 address "127.0.0.1", port 5432
2023-12-05 23:58:27.844 UTC [1509] LOG:  listening on Unix socket "/var/run/postgresql/.s.PGSQL.5432"
2023-12-05 23:58:27.852 UTC [1528] LOG:  database system was shut down at 2023-12-05 23:58:09 UTC
2023-12-05 23:58:27.859 UTC [1509] LOG:  database system is ready to accept connections
2023-12-06 00:01:33.353 UTC [1509] LOG:  received smart shutdown request
2023-12-06 00:01:33.363 UTC [1509] LOG:  background worker "logical replication launcher" (PID 1539) exited with exit code 1
2023-12-06 00:01:33.363 UTC [1534] LOG:  shutting down
2023-12-06 00:01:33.407 UTC [1509] LOG:  database system is shut down
2023-12-06 00:01:55.361 UTC [1476] LOG:  starting PostgreSQL 13.13 (Ubuntu 13.13-1.pgdg20.04+1) on aarch64-unknown-linux-gnu, compiled by gcc (Ubuntu 9.4.0-1ubuntu1~20.04.2) 9.4.0, 64-bit
2023-12-06 00:01:55.361 UTC [1476] LOG:  listening on IPv4 address "127.0.0.1", port 5432
2023-12-06 00:01:55.362 UTC [1476] LOG:  listening on Unix socket "/var/run/postgresql/.s.PGSQL.5432"
2023-12-06 00:01:55.371 UTC [1500] LOG:  database system was shut down at 2023-12-06 00:01:33 UTC
2023-12-06 00:01:55.378 UTC [1476] LOG:  database system is ready to accept connections
2023-12-06 00:03:28.459 UTC [1476] LOG:  received smart shutdown request
2023-12-06 00:03:28.461 UTC [1476] LOG:  background worker "logical replication launcher" (PID 1506) exited with exit code 1
2023-12-06 00:03:28.461 UTC [1501] LOG:  shutting down
2023-12-06 00:03:28.472 UTC [1476] LOG:  database system is shut down
2023-12-06 00:03:49.343 UTC [1509] LOG:  starting PostgreSQL 13.13 (Ubuntu 13.13-1.pgdg20.04+1) on aarch64-unknown-linux-gnu, compiled by gcc (Ubuntu 9.4.0-1ubuntu1~20.04.2) 9.4.0, 64-bit
2023-12-06 00:03:49.343 UTC [1509] LOG:  listening on IPv4 address "127.0.0.1", port 5432
2023-12-06 00:03:49.354 UTC [1509] LOG:  listening on Unix socket "/var/run/postgresql/.s.PGSQL.5432"
2023-12-06 00:03:49.363 UTC [1533] LOG:  database system was shut down at 2023-12-06 00:03:28 UTC
2023-12-06 00:03:49.369 UTC [1509] LOG:  database system is ready to accept connections
2023-12-06 00:06:45.837 UTC [1509] LOG:  received smart shutdown request
2023-12-06 00:06:45.841 UTC [1509] LOG:  background worker "logical replication launcher" (PID 1539) exited with exit code 1
2023-12-06 00:06:45.842 UTC [1534] LOG:  shutting down
2023-12-06 00:06:45.866 UTC [1509] LOG:  database system is shut down
2023-12-06 00:35:37.780 UTC [1508] LOG:  starting PostgreSQL 13.13 (Ubuntu 13.13-1.pgdg20.04+1) on aarch64-unknown-linux-gnu, compiled by gcc (Ubuntu 9.4.0-1ubuntu1~20.04.2) 9.4.0, 64-bit
2023-12-06 00:35:37.780 UTC [1508] LOG:  listening on IPv4 address "127.0.0.1", port 5432
2023-12-06 00:35:37.788 UTC [1508] LOG:  listening on Unix socket "/var/run/postgresql/.s.PGSQL.5432"
2023-12-06 00:35:37.793 UTC [1528] LOG:  database system was shut down at 2023-12-06 00:06:45 UTC
2023-12-06 00:35:37.802 UTC [1508] LOG:  database system is ready to accept connections
2023-12-06 00:35:52.976 UTC [1508] LOG:  received smart shutdown request
2023-12-06 00:35:52.980 UTC [1508] LOG:  background worker "logical replication launcher" (PID 1539) exited with exit code 1
2023-12-06 00:35:52.980 UTC [1534] LOG:  shutting down
2023-12-06 00:35:53.001 UTC [1508] LOG:  database system is shut down
2023-12-06 00:43:26.691 UTC [1475] LOG:  starting PostgreSQL 13.13 (Ubuntu 13.13-1.pgdg20.04+1) on aarch64-unknown-linux-gnu, compiled by gcc (Ubuntu 9.4.0-1ubuntu1~20.04.2) 9.4.0, 64-bit
2023-12-06 00:43:26.691 UTC [1475] LOG:  listening on IPv4 address "127.0.0.1", port 5432
2023-12-06 00:43:26.693 UTC [1475] LOG:  listening on Unix socket "/var/run/postgresql/.s.PGSQL.5432"
2023-12-06 00:43:26.701 UTC [1507] LOG:  database system was shut down at 2023-12-06 00:35:52 UTC
2023-12-06 00:43:26.707 UTC [1475] LOG:  database system is ready to accept connections
2023-12-06 01:10:16.254 UTC [1475] LOG:  received smart shutdown request
2023-12-06 01:10:16.256 UTC [1475] LOG:  background worker "logical replication launcher" (PID 1514) exited with exit code 1
2023-12-06 01:10:16.257 UTC [1509] LOG:  shutting down
2023-12-06 01:10:16.271 UTC [1475] LOG:  database system is shut down
2023-12-06 01:10:28.246 UTC [1478] LOG:  starting PostgreSQL 13.13 (Ubuntu 13.13-1.pgdg20.04+1) on aarch64-unknown-linux-gnu, compiled by gcc (Ubuntu 9.4.0-1ubuntu1~20.04.2) 9.4.0, 64-bit
2023-12-06 01:10:28.246 UTC [1478] LOG:  listening on IPv4 address "127.0.0.1", port 5432
2023-12-06 01:10:28.252 UTC [1478] LOG:  listening on Unix socket "/var/run/postgresql/.s.PGSQL.5432"
2023-12-06 01:10:28.260 UTC [1507] LOG:  database system was shut down at 2023-12-06 01:10:16 UTC
2023-12-06 01:10:28.267 UTC [1478] LOG:  database system is ready to accept connections
2023-12-06 04:12:21.456 UTC [1478] LOG:  received smart shutdown request
2023-12-06 04:12:21.459 UTC [1478] LOG:  background worker "logical replication launcher" (PID 1517) exited with exit code 1
2023-12-06 04:12:21.460 UTC [1512] LOG:  shutting down
2023-12-06 04:12:21.488 UTC [1478] LOG:  database system is shut down
2023-12-06 15:42:58.054 UTC [1508] LOG:  starting PostgreSQL 13.13 (Ubuntu 13.13-1.pgdg20.04+1) on aarch64-unknown-linux-gnu, compiled by gcc (Ubuntu 9.4.0-1ubuntu1~20.04.2) 9.4.0, 64-bit
2023-12-06 15:42:58.054 UTC [1508] LOG:  listening on IPv4 address "127.0.0.1", port 5432
2023-12-06 15:42:58.061 UTC [1508] LOG:  listening on Unix socket "/var/run/postgresql/.s.PGSQL.5432"
2023-12-06 15:42:58.069 UTC [1532] LOG:  database system was shut down at 2023-12-06 04:12:21 UTC
2023-12-06 15:42:58.078 UTC [1508] LOG:  database system is ready to accept connections
2023-12-06 18:13:00.543 UTC [1508] LOG:  received smart shutdown request
2023-12-06 18:13:00.545 UTC [1508] LOG:  background worker "logical replication launcher" (PID 1538) exited with exit code 1
2023-12-06 18:13:00.546 UTC [1533] LOG:  shutting down
2023-12-06 18:13:00.558 UTC [1508] LOG:  database system is shut down
2023-12-06 18:15:42.141 UTC [1509] LOG:  starting PostgreSQL 13.13 (Ubuntu 13.13-1.pgdg20.04+1) on aarch64-unknown-linux-gnu, compiled by gcc (Ubuntu 9.4.0-1ubuntu1~20.04.2) 9.4.0, 64-bit
2023-12-06 18:15:42.141 UTC [1509] LOG:  listening on IPv4 address "127.0.0.1", port 5432
2023-12-06 18:15:42.147 UTC [1509] LOG:  listening on Unix socket "/var/run/postgresql/.s.PGSQL.5432"
2023-12-06 18:15:42.153 UTC [1532] LOG:  database system was shut down at 2023-12-06 18:13:00 UTC
2023-12-06 18:15:42.159 UTC [1509] LOG:  database system is ready to accept connections
2023-12-06 18:45:26.465 UTC [1509] LOG:  received smart shutdown request
2023-12-06 18:45:26.468 UTC [1509] LOG:  background worker "logical replication launcher" (PID 1539) exited with exit code 1
2023-12-06 18:45:26.470 UTC [1534] LOG:  shutting down
2023-12-06 18:45:26.487 UTC [1509] LOG:  database system is shut down
2023-12-06 18:45:58.722 UTC [1471] LOG:  starting PostgreSQL 13.13 (Ubuntu 13.13-1.pgdg20.04+1) on aarch64-unknown-linux-gnu, compiled by gcc (Ubuntu 9.4.0-1ubuntu1~20.04.2) 9.4.0, 64-bit
2023-12-06 18:45:58.723 UTC [1471] LOG:  listening on IPv4 address "127.0.0.1", port 5432
2023-12-06 18:45:58.724 UTC [1471] LOG:  listening on Unix socket "/var/run/postgresql/.s.PGSQL.5432"
2023-12-06 18:45:58.731 UTC [1502] LOG:  database system was shut down at 2023-12-06 18:45:26 UTC
2023-12-06 18:45:58.736 UTC [1471] LOG:  database system is ready to accept connections
2023-12-06 18:50:25.103 UTC [1471] LOG:  received smart shutdown request
2023-12-06 18:50:25.112 UTC [1471] LOG:  background worker "logical replication launcher" (PID 1508) exited with exit code 1
2023-12-06 18:50:25.113 UTC [1503] LOG:  shutting down
2023-12-06 18:50:25.144 UTC [1471] LOG:  database system is shut down
2023-12-06 18:50:43.397 UTC [1475] LOG:  starting PostgreSQL 13.13 (Ubuntu 13.13-1.pgdg20.04+1) on aarch64-unknown-linux-gnu, compiled by gcc (Ubuntu 9.4.0-1ubuntu1~20.04.2) 9.4.0, 64-bit
2023-12-06 18:50:43.397 UTC [1475] LOG:  listening on IPv4 address "127.0.0.1", port 5432
2023-12-06 18:50:43.398 UTC [1475] LOG:  listening on Unix socket "/var/run/postgresql/.s.PGSQL.5432"
2023-12-06 18:50:43.404 UTC [1502] LOG:  database system was shut down at 2023-12-06 18:50:25 UTC
2023-12-06 18:50:43.411 UTC [1475] LOG:  database system is ready to accept connections
2023-12-06 21:53:35.421 UTC [1475] LOG:  received smart shutdown request
2023-12-06 21:53:35.423 UTC [1475] LOG:  background worker "logical replication launcher" (PID 1508) exited with exit code 1
2023-12-06 21:53:35.423 UTC [1503] LOG:  shutting down
2023-12-06 21:53:35.435 UTC [1475] LOG:  database system is shut down
2023-12-06 21:59:47.063 UTC [1508] LOG:  starting PostgreSQL 13.13 (Ubuntu 13.13-1.pgdg20.04+1) on aarch64-unknown-linux-gnu, compiled by gcc (Ubuntu 9.4.0-1ubuntu1~20.04.2) 9.4.0, 64-bit
2023-12-06 21:59:47.063 UTC [1508] LOG:  listening on IPv4 address "127.0.0.1", port 5432
2023-12-06 21:59:47.073 UTC [1508] LOG:  listening on Unix socket "/var/run/postgresql/.s.PGSQL.5432"
2023-12-06 21:59:47.084 UTC [1527] LOG:  database system was shut down at 2023-12-06 21:53:35 UTC
2023-12-06 21:59:47.093 UTC [1508] LOG:  database system is ready to accept connections
2023-12-06 22:21:10.839 UTC [1508] LOG:  received smart shutdown request
2023-12-06 22:21:10.842 UTC [1508] LOG:  background worker "logical replication launcher" (PID 1538) exited with exit code 1
2023-12-06 22:21:10.842 UTC [1533] LOG:  shutting down
2023-12-06 22:21:10.858 UTC [1508] LOG:  database system is shut down
2023-12-06 22:21:30.427 UTC [1475] LOG:  starting PostgreSQL 13.13 (Ubuntu 13.13-1.pgdg20.04+1) on aarch64-unknown-linux-gnu, compiled by gcc (Ubuntu 9.4.0-1ubuntu1~20.04.2) 9.4.0, 64-bit
2023-12-06 22:21:30.427 UTC [1475] LOG:  listening on IPv4 address "127.0.0.1", port 5432
2023-12-06 22:21:30.429 UTC [1475] LOG:  listening on Unix socket "/var/run/postgresql/.s.PGSQL.5432"
2023-12-06 22:21:30.435 UTC [1507] LOG:  database system was shut down at 2023-12-06 22:21:10 UTC
2023-12-06 22:21:30.440 UTC [1475] LOG:  database system is ready to accept connections
2023-12-06 22:58:43.403 UTC [1475] LOG:  received smart shutdown request
2023-12-06 22:58:43.407 UTC [1475] LOG:  background worker "logical replication launcher" (PID 1514) exited with exit code 1
2023-12-06 22:58:43.407 UTC [1509] LOG:  shutting down
2023-12-06 22:58:43.423 UTC [1475] LOG:  database system is shut down
2023-12-07 02:21:39.349 UTC [1509] LOG:  starting PostgreSQL 13.13 (Ubuntu 13.13-1.pgdg20.04+1) on aarch64-unknown-linux-gnu, compiled by gcc (Ubuntu 9.4.0-1ubuntu1~20.04.2) 9.4.0, 64-bit
2023-12-07 02:21:39.349 UTC [1509] LOG:  listening on IPv4 address "127.0.0.1", port 5432
2023-12-07 02:21:39.357 UTC [1509] LOG:  listening on Unix socket "/var/run/postgresql/.s.PGSQL.5432"
2023-12-07 02:21:39.366 UTC [1533] LOG:  database system was shut down at 2023-12-06 22:58:43 UTC
2023-12-07 02:21:39.454 UTC [1509] LOG:  database system is ready to accept connections
2023-12-07 03:21:07.264 UTC [1509] LOG:  received smart shutdown request
2023-12-07 03:21:07.266 UTC [1509] LOG:  background worker "logical replication launcher" (PID 1539) exited with exit code 1
2023-12-07 03:21:07.266 UTC [1534] LOG:  shutting down
2023-12-07 03:21:07.278 UTC [1509] LOG:  database system is shut down
2023-12-07 03:21:38.420 UTC [1475] LOG:  starting PostgreSQL 13.13 (Ubuntu 13.13-1.pgdg20.04+1) on aarch64-unknown-linux-gnu, compiled by gcc (Ubuntu 9.4.0-1ubuntu1~20.04.2) 9.4.0, 64-bit
2023-12-07 03:21:38.420 UTC [1475] LOG:  listening on IPv4 address "127.0.0.1", port 5432
2023-12-07 03:21:38.421 UTC [1475] LOG:  listening on Unix socket "/var/run/postgresql/.s.PGSQL.5432"
2023-12-07 03:21:38.428 UTC [1502] LOG:  database system was shut down at 2023-12-07 03:21:07 UTC
2023-12-07 03:21:38.435 UTC [1475] LOG:  database system is ready to accept connections
2023-12-07 03:28:49.364 UTC [1475] LOG:  received smart shutdown request
2023-12-07 03:28:49.369 UTC [1475] LOG:  background worker "logical replication launcher" (PID 1508) exited with exit code 1
2023-12-07 03:28:49.370 UTC [1503] LOG:  shutting down
2023-12-07 03:28:49.389 UTC [1475] LOG:  database system is shut down
