+ ssl_conf_path=/appsmith-stacks/data/certificate/conf
+ mkdir -pv /appsmith-stacks/data/certificate/conf
+ cat
+ cat
+ [[ -z 'self' * ]]
+ export 'APPSMITH_ALLOWED_FRAME_ANCESTORS='\''self'\'' *'
+ APPSMITH_ALLOWED_FRAME_ANCESTORS=''\''self'\'' *'
+ [[ -z false ]]
+ use_https=0
+ [[ -n '' ]]
+ /opt/appsmith/templates/nginx-app.conf.sh 0 ''
+ cp -r /opt/appsmith/editor/404-image.png /opt/appsmith/editor/404.css /opt/appsmith/editor/404.html /opt/appsmith/editor/asset-manifest.json /opt/appsmith/editor/asset-manifest.json.gz /opt/appsmith/editor/favicon-black.ico /opt/appsmith/editor/index.html /opt/appsmith/editor/index.html.gz /opt/appsmith/editor/libraries /opt/appsmith/editor/manifest.json /opt/appsmith/editor/page.min.js /opt/appsmith/editor/pageService.js /opt/appsmith/editor/pageService.js.LICENSE.txt /opt/appsmith/editor/pageService.js.br /opt/appsmith/editor/pageService.js.gz /opt/appsmith/editor/pageService.js.map /opt/appsmith/editor/pageService.js.map.gz /opt/appsmith/editor/privacy-policy.html /opt/appsmith/editor/static /opt/appsmith/editor/terms-and-conditions.html /opt/appsmith/editor/tinymce /tmp/appsmith/www
+ apply-env-vars /opt/appsmith/editor/index.html /tmp/appsmith/www/index.html
+ original=/opt/appsmith/editor/index.html
+ served=/tmp/appsmith/www/index.html
+ node -e '
  const fs = require("fs")
  const content = fs.readFileSync("/opt/appsmith/editor/index.html", "utf8").replace(
    /\b__(APPSMITH_[A-Z0-9_]+)__\b/g,
    (placeholder, name) => (process.env[name] || "")
  )
  fs.writeFileSync("/tmp/appsmith/www/index.html", content)
  '
++ dirname /tmp/appsmith/www/index.html
+ pushd /tmp/appsmith/www
++ basename /tmp/appsmith/www/index.html
+ gzip --keep --force index.html
+ popd
+ exec nginx -g 'daemon off;error_log stderr info;'
2023/12/05 00:45:52 [notice] 1473#1473: using the "epoll" event method
2023/12/05 00:45:52 [notice] 1473#1473: nginx/1.18.0 (Ubuntu)
2023/12/05 00:45:52 [notice] 1473#1473: OS: Linux 6.4.16-linuxkit
2023/12/05 00:45:52 [notice] 1473#1473: getrlimit(RLIMIT_NOFILE): 1048576:1048576
2023/12/05 00:45:52 [notice] 1473#1473: start worker processes
2023/12/05 00:45:52 [notice] 1473#1473: start worker process 1532
2023/12/05 00:45:52 [notice] 1473#1473: start worker process 1533
2023/12/05 00:45:52 [notice] 1473#1473: start worker process 1534
2023/12/05 00:45:52 [notice] 1473#1473: start worker process 1535
2023/12/05 00:45:52 [notice] 1473#1473: start worker process 1536
2023/12/05 00:45:52 [notice] 1473#1473: start worker process 1537
2023/12/05 00:45:52 [notice] 1473#1473: start worker process 1538
2023/12/05 00:45:52 [notice] 1473#1473: start worker process 1539
2023/12/05 00:45:52 [notice] 1473#1473: start worker process 1540
2023/12/05 00:45:52 [notice] 1473#1473: start worker process 1541
2023/12/05 00:45:52 [notice] 1473#1473: start worker process 1542
2023/12/05 04:43:28 [notice] 1473#1473: signal 3 (SIGQUIT) received from 1, shutting down
2023/12/05 04:43:28 [notice] 1533#1533: gracefully shutting down
2023/12/05 04:43:28 [notice] 1534#1534: gracefully shutting down
2023/12/05 04:43:28 [notice] 1537#1537: gracefully shutting down
2023/12/05 04:43:28 [notice] 1532#1532: gracefully shutting down
2023/12/05 04:43:28 [notice] 1533#1533: exiting
2023/12/05 04:43:28 [notice] 1534#1534: exiting
2023/12/05 04:43:28 [notice] 1539#1539: gracefully shutting down
2023/12/05 04:43:28 [notice] 1536#1536: gracefully shutting down
2023/12/05 04:43:28 [notice] 1537#1537: exiting
2023/12/05 04:43:28 [notice] 1540#1540: gracefully shutting down
2023/12/05 04:43:28 [notice] 1532#1532: exiting
2023/12/05 04:43:28 [notice] 1539#1539: exiting
2023/12/05 04:43:28 [notice] 1536#1536: exiting
2023/12/05 04:43:28 [notice] 1540#1540: exiting
2023/12/05 04:43:28 [notice] 1538#1538: gracefully shutting down
2023/12/05 04:43:28 [notice] 1538#1538: exiting
2023/12/05 04:43:28 [notice] 1535#1535: gracefully shutting down
2023/12/05 04:43:28 [notice] 1542#1542: gracefully shutting down
2023/12/05 04:43:28 [notice] 1535#1535: exiting
2023/12/05 04:43:28 [notice] 1541#1541: gracefully shutting down
2023/12/05 04:43:28 [notice] 1542#1542: exiting
2023/12/05 04:43:28 [notice] 1541#1541: exiting
2023/12/05 04:43:28 [notice] 1537#1537: exit
2023/12/05 04:43:28 [notice] 1538#1538: exit
2023/12/05 04:43:28 [notice] 1534#1534: exit
2023/12/05 04:43:28 [notice] 1540#1540: exit
2023/12/05 04:43:28 [notice] 1535#1535: exit
2023/12/05 04:43:28 [notice] 1532#1532: exit
2023/12/05 04:43:28 [notice] 1533#1533: exit
2023/12/05 04:43:28 [notice] 1473#1473: signal 17 (SIGCHLD) received from 1540
2023/12/05 04:43:28 [notice] 1536#1536: exit
2023/12/05 04:43:28 [notice] 1473#1473: worker process 1537 exited with code 0
2023/12/05 04:43:28 [notice] 1473#1473: worker process 1538 exited with code 0
2023/12/05 04:43:28 [notice] 1473#1473: worker process 1540 exited with code 0
2023/12/05 04:43:28 [notice] 1473#1473: signal 29 (SIGIO) received
2023/12/05 04:43:28 [notice] 1473#1473: signal 17 (SIGCHLD) received from 1534
2023/12/05 04:43:28 [notice] 1473#1473: worker process 1533 exited with code 0
2023/12/05 04:43:28 [notice] 1473#1473: worker process 1534 exited with code 0
2023/12/05 04:43:28 [notice] 1473#1473: worker process 1535 exited with code 0
2023/12/05 04:43:28 [notice] 1473#1473: signal 29 (SIGIO) received
2023/12/05 04:43:28 [notice] 1473#1473: signal 17 (SIGCHLD) received from 1532
2023/12/05 04:43:28 [notice] 1473#1473: worker process 1532 exited with code 0
2023/12/05 04:43:28 [notice] 1473#1473: signal 29 (SIGIO) received
2023/12/05 04:43:28 [notice] 1473#1473: signal 17 (SIGCHLD) received from 1536
2023/12/05 04:43:28 [notice] 1473#1473: worker process 1536 exited with code 0
2023/12/05 04:43:28 [notice] 1473#1473: signal 29 (SIGIO) received
2023/12/05 04:43:28 [notice] 1539#1539: exit
2023/12/05 04:43:28 [notice] 1473#1473: signal 17 (SIGCHLD) received from 1539
2023/12/05 04:43:28 [notice] 1473#1473: worker process 1539 exited with code 0
2023/12/05 04:43:28 [notice] 1473#1473: signal 29 (SIGIO) received
2023/12/05 04:43:28 [notice] 1541#1541: exit
2023/12/05 04:43:28 [notice] 1542#1542: exit
2023/12/05 04:43:28 [notice] 1473#1473: signal 17 (SIGCHLD) received from 1541
2023/12/05 04:43:28 [notice] 1473#1473: worker process 1541 exited with code 0
2023/12/05 04:43:28 [notice] 1473#1473: signal 29 (SIGIO) received
2023/12/05 04:43:28 [notice] 1473#1473: signal 17 (SIGCHLD) received from 1542
2023/12/05 04:43:28 [notice] 1473#1473: worker process 1542 exited with code 0
2023/12/05 04:43:28 [notice] 1473#1473: exit
