+ ssl_conf_path=/appsmith-stacks/data/certificate/conf
+ mkdir -pv /appsmith-stacks/data/certificate/conf
+ cat
+ cat
+ [[ -z 'self' * ]]
+ export 'APPSMITH_ALLOWED_FRAME_ANCESTORS='\''self'\'' *'
+ APPSMITH_ALLOWED_FRAME_ANCESTORS=''\''self'\'' *'
+ [[ -z false ]]
+ use_https=0
+ [[ -n '' ]]
+ /opt/appsmith/templates/nginx-app.conf.sh 0 ''
+ cp -r /opt/appsmith/editor/404-image.png /opt/appsmith/editor/404.css /opt/appsmith/editor/404.html /opt/appsmith/editor/asset-manifest.json /opt/appsmith/editor/asset-manifest.json.gz /opt/appsmith/editor/favicon-black.ico /opt/appsmith/editor/index.html /opt/appsmith/editor/index.html.gz /opt/appsmith/editor/libraries /opt/appsmith/editor/manifest.json /opt/appsmith/editor/page.min.js /opt/appsmith/editor/pageService.js /opt/appsmith/editor/pageService.js.LICENSE.txt /opt/appsmith/editor/pageService.js.br /opt/appsmith/editor/pageService.js.gz /opt/appsmith/editor/pageService.js.map /opt/appsmith/editor/pageService.js.map.gz /opt/appsmith/editor/privacy-policy.html /opt/appsmith/editor/static /opt/appsmith/editor/terms-and-conditions.html /opt/appsmith/editor/tinymce /tmp/appsmith/www
+ apply-env-vars /opt/appsmith/editor/index.html /tmp/appsmith/www/index.html
+ original=/opt/appsmith/editor/index.html
+ served=/tmp/appsmith/www/index.html
+ node -e '
  const fs = require("fs")
  const content = fs.readFileSync("/opt/appsmith/editor/index.html", "utf8").replace(
    /\b__(APPSMITH_[A-Z0-9_]+)__\b/g,
    (placeholder, name) => (process.env[name] || "")
  )
  fs.writeFileSync("/tmp/appsmith/www/index.html", content)
  '
++ dirname /tmp/appsmith/www/index.html
+ pushd /tmp/appsmith/www
++ basename /tmp/appsmith/www/index.html
+ gzip --keep --force index.html
+ popd
+ exec nginx -g 'daemon off;error_log stderr info;'
2023/12/05 04:44:13 [notice] 1476#1476: using the "epoll" event method
2023/12/05 04:44:13 [notice] 1476#1476: nginx/1.18.0 (Ubuntu)
2023/12/05 04:44:13 [notice] 1476#1476: OS: Linux 6.4.16-linuxkit
2023/12/05 04:44:13 [notice] 1476#1476: getrlimit(RLIMIT_NOFILE): 1048576:1048576
2023/12/05 04:44:13 [notice] 1476#1476: start worker processes
2023/12/05 04:44:13 [notice] 1476#1476: start worker process 1534
2023/12/05 04:44:13 [notice] 1476#1476: start worker process 1535
2023/12/05 04:44:13 [notice] 1476#1476: start worker process 1536
2023/12/05 04:44:13 [notice] 1476#1476: start worker process 1537
2023/12/05 04:44:13 [notice] 1476#1476: start worker process 1538
2023/12/05 04:44:13 [notice] 1476#1476: start worker process 1539
2023/12/05 04:44:13 [notice] 1476#1476: start worker process 1540
2023/12/05 04:44:13 [notice] 1476#1476: start worker process 1541
2023/12/05 04:44:13 [notice] 1476#1476: start worker process 1542
2023/12/05 04:44:13 [notice] 1476#1476: start worker process 1543
2023/12/05 04:44:13 [notice] 1476#1476: start worker process 1544
2023/12/05 16:18:45 [notice] 1476#1476: signal 3 (SIGQUIT) received from 1, shutting down
2023/12/05 16:18:45 [notice] 1534#1534: gracefully shutting down
2023/12/05 16:18:45 [notice] 1542#1542: gracefully shutting down
2023/12/05 16:18:45 [notice] 1536#1536: gracefully shutting down
2023/12/05 16:18:45 [notice] 1542#1542: exiting
2023/12/05 16:18:45 [notice] 1535#1535: gracefully shutting down
2023/12/05 16:18:45 [notice] 1541#1541: gracefully shutting down
2023/12/05 16:18:45 [notice] 1535#1535: exiting
2023/12/05 16:18:45 [notice] 1539#1539: gracefully shutting down
2023/12/05 16:18:45 [notice] 1536#1536: exiting
2023/12/05 16:18:45 [notice] 1537#1537: gracefully shutting down
2023/12/05 16:18:45 [notice] 1540#1540: gracefully shutting down
2023/12/05 16:18:45 [notice] 1541#1541: exiting
2023/12/05 16:18:45 [notice] 1539#1539: exiting
2023/12/05 16:18:45 [notice] 1537#1537: exiting
2023/12/05 16:18:45 [notice] 1538#1538: gracefully shutting down
2023/12/05 16:18:45 [notice] 1534#1534: exiting
2023/12/05 16:18:45 [notice] 1538#1538: exiting
2023/12/05 16:18:45 [notice] 1540#1540: exiting
2023/12/05 16:18:45 [notice] 1543#1543: gracefully shutting down
2023/12/05 16:18:45 [notice] 1543#1543: exiting
2023/12/05 16:18:45 [notice] 1544#1544: gracefully shutting down
2023/12/05 16:18:45 [notice] 1544#1544: exiting
2023/12/05 16:18:45 [notice] 1536#1536: exit
2023/12/05 16:18:45 [notice] 1543#1543: exit
2023/12/05 16:18:45 [notice] 1535#1535: exit
2023/12/05 16:18:45 [notice] 1541#1541: exit
2023/12/05 16:18:45 [notice] 1537#1537: exit
2023/12/05 16:18:45 [notice] 1534#1534: exit
2023/12/05 16:18:45 [notice] 1539#1539: exit
2023/12/05 16:18:45 [notice] 1542#1542: exit
2023/12/05 16:18:45 [notice] 1540#1540: exit
2023/12/05 16:18:45 [notice] 1544#1544: exit
2023/12/05 16:18:45 [notice] 1538#1538: exit
2023/12/05 16:18:45 [notice] 1476#1476: signal 17 (SIGCHLD) received from 1535
2023/12/05 16:18:45 [notice] 1476#1476: worker process 1535 exited with code 0
2023/12/05 16:18:45 [notice] 1476#1476: worker process 1534 exited with code 0
2023/12/05 16:18:45 [notice] 1476#1476: worker process 1537 exited with code 0
2023/12/05 16:18:45 [notice] 1476#1476: worker process 1539 exited with code 0
2023/12/05 16:18:45 [notice] 1476#1476: worker process 1543 exited with code 0
2023/12/05 16:18:45 [notice] 1476#1476: signal 29 (SIGIO) received
2023/12/05 16:18:45 [notice] 1476#1476: signal 17 (SIGCHLD) received from 1543
2023/12/05 16:18:45 [notice] 1476#1476: signal 17 (SIGCHLD) received from 1541
2023/12/05 16:18:45 [notice] 1476#1476: worker process 1541 exited with code 0
2023/12/05 16:18:45 [notice] 1476#1476: signal 29 (SIGIO) received
2023/12/05 16:18:45 [notice] 1476#1476: signal 17 (SIGCHLD) received from 1536
2023/12/05 16:18:45 [notice] 1476#1476: worker process 1536 exited with code 0
2023/12/05 16:18:45 [notice] 1476#1476: worker process 1540 exited with code 0
2023/12/05 16:18:45 [notice] 1476#1476: signal 29 (SIGIO) received
2023/12/05 16:18:45 [notice] 1476#1476: signal 17 (SIGCHLD) received from 1540
2023/12/05 16:18:45 [notice] 1476#1476: signal 17 (SIGCHLD) received from 1538
2023/12/05 16:18:45 [notice] 1476#1476: worker process 1538 exited with code 0
2023/12/05 16:18:45 [notice] 1476#1476: signal 29 (SIGIO) received
2023/12/05 16:18:45 [notice] 1476#1476: signal 17 (SIGCHLD) received from 1542
2023/12/05 16:18:45 [notice] 1476#1476: worker process 1542 exited with code 0
2023/12/05 16:18:45 [notice] 1476#1476: signal 29 (SIGIO) received
2023/12/05 16:18:45 [notice] 1476#1476: signal 17 (SIGCHLD) received from 1544
2023/12/05 16:18:45 [notice] 1476#1476: worker process 1544 exited with code 0
2023/12/05 16:18:45 [notice] 1476#1476: exit
+ ssl_conf_path=/appsmith-stacks/data/certificate/conf
+ mkdir -pv /appsmith-stacks/data/certificate/conf
+ cat
+ cat
+ [[ -z 'self' * ]]
+ export 'APPSMITH_ALLOWED_FRAME_ANCESTORS='\''self'\'' *'
+ APPSMITH_ALLOWED_FRAME_ANCESTORS=''\''self'\'' *'
+ [[ -z false ]]
+ use_https=0
+ [[ -n '' ]]
+ /opt/appsmith/templates/nginx-app.conf.sh 0 ''
+ cp -r /opt/appsmith/editor/404-image.png /opt/appsmith/editor/404.css /opt/appsmith/editor/404.html /opt/appsmith/editor/asset-manifest.json /opt/appsmith/editor/asset-manifest.json.gz /opt/appsmith/editor/favicon-black.ico /opt/appsmith/editor/index.html /opt/appsmith/editor/index.html.gz /opt/appsmith/editor/libraries /opt/appsmith/editor/manifest.json /opt/appsmith/editor/page.min.js /opt/appsmith/editor/pageService.js /opt/appsmith/editor/pageService.js.LICENSE.txt /opt/appsmith/editor/pageService.js.br /opt/appsmith/editor/pageService.js.gz /opt/appsmith/editor/pageService.js.map /opt/appsmith/editor/pageService.js.map.gz /opt/appsmith/editor/privacy-policy.html /opt/appsmith/editor/static /opt/appsmith/editor/terms-and-conditions.html /opt/appsmith/editor/tinymce /tmp/appsmith/www
+ apply-env-vars /opt/appsmith/editor/index.html /tmp/appsmith/www/index.html
+ original=/opt/appsmith/editor/index.html
+ served=/tmp/appsmith/www/index.html
+ node -e '
  const fs = require("fs")
  const content = fs.readFileSync("/opt/appsmith/editor/index.html", "utf8").replace(
    /\b__(APPSMITH_[A-Z0-9_]+)__\b/g,
    (placeholder, name) => (process.env[name] || "")
  )
  fs.writeFileSync("/tmp/appsmith/www/index.html", content)
  '
++ dirname /tmp/appsmith/www/index.html
+ pushd /tmp/appsmith/www
++ basename /tmp/appsmith/www/index.html
+ gzip --keep --force index.html
+ popd
+ exec nginx -g 'daemon off;error_log stderr info;'
2023/12/05 16:18:55 [notice] 1476#1476: using the "epoll" event method
2023/12/05 16:18:55 [notice] 1476#1476: nginx/1.18.0 (Ubuntu)
2023/12/05 16:18:55 [notice] 1476#1476: OS: Linux 6.4.16-linuxkit
2023/12/05 16:18:55 [notice] 1476#1476: getrlimit(RLIMIT_NOFILE): 1048576:1048576
2023/12/05 16:18:55 [notice] 1476#1476: start worker processes
2023/12/05 16:18:55 [notice] 1476#1476: start worker process 1555
2023/12/05 16:18:55 [notice] 1476#1476: start worker process 1556
2023/12/05 16:18:55 [notice] 1476#1476: start worker process 1557
2023/12/05 16:18:55 [notice] 1476#1476: start worker process 1558
2023/12/05 16:18:55 [notice] 1476#1476: start worker process 1559
2023/12/05 16:18:55 [notice] 1476#1476: start worker process 1560
2023/12/05 16:18:55 [notice] 1476#1476: start worker process 1561
2023/12/05 16:18:55 [notice] 1476#1476: start worker process 1562
2023/12/05 16:18:55 [notice] 1476#1476: start worker process 1563
2023/12/05 16:18:55 [notice] 1476#1476: start worker process 1564
2023/12/05 16:18:55 [notice] 1476#1476: start worker process 1565
2023/12/05 19:02:34 [notice] 1476#1476: signal 3 (SIGQUIT) received from 1, shutting down
2023/12/05 19:02:34 [notice] 1555#1555: gracefully shutting down
2023/12/05 19:02:34 [notice] 1556#1556: gracefully shutting down
2023/12/05 19:02:34 [notice] 1558#1558: gracefully shutting down
2023/12/05 19:02:34 [notice] 1556#1556: exiting
2023/12/05 19:02:34 [notice] 1558#1558: exiting
2023/12/05 19:02:34 [notice] 1557#1557: gracefully shutting down
2023/12/05 19:02:34 [notice] 1557#1557: exiting
2023/12/05 19:02:34 [notice] 1562#1562: gracefully shutting down
2023/12/05 19:02:34 [notice] 1559#1559: gracefully shutting down
2023/12/05 19:02:34 [notice] 1561#1561: gracefully shutting down
2023/12/05 19:02:34 [notice] 1559#1559: exiting
2023/12/05 19:02:34 [notice] 1562#1562: exiting
2023/12/05 19:02:34 [notice] 1561#1561: exiting
2023/12/05 19:02:34 [notice] 1560#1560: gracefully shutting down
2023/12/05 19:02:34 [notice] 1563#1563: gracefully shutting down
2023/12/05 19:02:34 [notice] 1563#1563: exiting
2023/12/05 19:02:34 [notice] 1560#1560: exiting
2023/12/05 19:02:34 [notice] 1564#1564: gracefully shutting down
2023/12/05 19:02:34 [notice] 1565#1565: gracefully shutting down
2023/12/05 19:02:34 [notice] 1564#1564: exiting
2023/12/05 19:02:34 [notice] 1565#1565: exiting
2023/12/05 19:02:34 [notice] 1557#1557: exit
2023/12/05 19:02:34 [notice] 1559#1559: exit
2023/12/05 19:02:34 [notice] 1556#1556: exit
2023/12/05 19:02:34 [notice] 1560#1560: exit
2023/12/05 19:02:34 [notice] 1563#1563: exit
2023/12/05 19:02:34 [notice] 1558#1558: exit
2023/12/05 19:02:34 [notice] 1561#1561: exit
2023/12/05 19:02:34 [notice] 1564#1564: exit
2023/12/05 19:02:34 [notice] 1476#1476: signal 17 (SIGCHLD) received from 1563
2023/12/05 19:02:34 [notice] 1476#1476: worker process 1563 exited with code 0
2023/12/05 19:02:34 [notice] 1476#1476: signal 29 (SIGIO) received
2023/12/05 19:02:34 [notice] 1476#1476: signal 17 (SIGCHLD) received from 1558
2023/12/05 19:02:34 [notice] 1476#1476: worker process 1556 exited with code 0
2023/12/05 19:02:34 [notice] 1476#1476: worker process 1557 exited with code 0
2023/12/05 19:02:34 [notice] 1476#1476: worker process 1558 exited with code 0
2023/12/05 19:02:34 [notice] 1476#1476: worker process 1560 exited with code 0
2023/12/05 19:02:34 [notice] 1476#1476: worker process 1561 exited with code 0
2023/12/05 19:02:34 [notice] 1476#1476: worker process 1564 exited with code 0
2023/12/05 19:02:34 [notice] 1476#1476: signal 29 (SIGIO) received
2023/12/05 19:02:34 [notice] 1476#1476: signal 17 (SIGCHLD) received from 1564
2023/12/05 19:02:34 [notice] 1476#1476: worker process 1559 exited with code 0
2023/12/05 19:02:34 [notice] 1476#1476: signal 29 (SIGIO) received
2023/12/05 19:02:34 [notice] 1476#1476: signal 17 (SIGCHLD) received from 1559
2023/12/05 19:02:34 [notice] 1565#1565: exit
2023/12/05 19:02:34 [notice] 1562#1562: exit
2023/12/05 19:02:34 [notice] 1476#1476: signal 17 (SIGCHLD) received from 1565
2023/12/05 19:02:34 [notice] 1476#1476: worker process 1562 exited with code 0
2023/12/05 19:02:34 [notice] 1476#1476: worker process 1565 exited with code 0
2023/12/05 19:02:34 [notice] 1476#1476: signal 29 (SIGIO) received
2023/12/05 19:02:34 [notice] 1476#1476: signal 17 (SIGCHLD) received from 1562
+ ssl_conf_path=/appsmith-stacks/data/certificate/conf
+ mkdir -pv /appsmith-stacks/data/certificate/conf
+ cat
+ cat
+ [[ -z 'self' * ]]
+ export 'APPSMITH_ALLOWED_FRAME_ANCESTORS='\''self'\'' *'
+ APPSMITH_ALLOWED_FRAME_ANCESTORS=''\''self'\'' *'
+ [[ -z false ]]
+ use_https=0
+ [[ -n '' ]]
+ /opt/appsmith/templates/nginx-app.conf.sh 0 ''
+ cp -r /opt/appsmith/editor/404-image.png /opt/appsmith/editor/404.css /opt/appsmith/editor/404.html /opt/appsmith/editor/asset-manifest.json /opt/appsmith/editor/asset-manifest.json.gz /opt/appsmith/editor/favicon-black.ico /opt/appsmith/editor/index.html /opt/appsmith/editor/index.html.gz /opt/appsmith/editor/libraries /opt/appsmith/editor/manifest.json /opt/appsmith/editor/page.min.js /opt/appsmith/editor/pageService.js /opt/appsmith/editor/pageService.js.LICENSE.txt /opt/appsmith/editor/pageService.js.br /opt/appsmith/editor/pageService.js.gz /opt/appsmith/editor/pageService.js.map /opt/appsmith/editor/pageService.js.map.gz /opt/appsmith/editor/privacy-policy.html /opt/appsmith/editor/static /opt/appsmith/editor/terms-and-conditions.html /opt/appsmith/editor/tinymce /tmp/appsmith/www
+ apply-env-vars /opt/appsmith/editor/index.html /tmp/appsmith/www/index.html
+ original=/opt/appsmith/editor/index.html
+ served=/tmp/appsmith/www/index.html
+ node -e '
  const fs = require("fs")
  const content = fs.readFileSync("/opt/appsmith/editor/index.html", "utf8").replace(
    /\b__(APPSMITH_[A-Z0-9_]+)__\b/g,
    (placeholder, name) => (process.env[name] || "")
  )
  fs.writeFileSync("/tmp/appsmith/www/index.html", content)
  '
++ dirname /tmp/appsmith/www/index.html
+ pushd /tmp/appsmith/www
++ basename /tmp/appsmith/www/index.html
+ gzip --keep --force index.html
+ popd
+ exec nginx -g 'daemon off;error_log stderr info;'
2023/12/05 19:03:00 [notice] 1522#1522: using the "epoll" event method
2023/12/05 19:03:00 [notice] 1522#1522: nginx/1.18.0 (Ubuntu)
2023/12/05 19:03:00 [notice] 1522#1522: OS: Linux 6.4.16-linuxkit
2023/12/05 19:03:00 [notice] 1522#1522: getrlimit(RLIMIT_NOFILE): 1048576:1048576
2023/12/05 19:03:00 [notice] 1522#1522: start worker processes
2023/12/05 19:03:00 [notice] 1522#1522: start worker process 1565
2023/12/05 19:03:00 [notice] 1522#1522: start worker process 1566
2023/12/05 19:03:00 [notice] 1522#1522: start worker process 1567
2023/12/05 19:03:00 [notice] 1522#1522: start worker process 1568
2023/12/05 19:03:00 [notice] 1522#1522: start worker process 1569
2023/12/05 19:03:00 [notice] 1522#1522: start worker process 1570
2023/12/05 19:03:00 [notice] 1522#1522: start worker process 1571
2023/12/05 19:03:00 [notice] 1522#1522: start worker process 1572
2023/12/05 19:03:00 [notice] 1522#1522: start worker process 1573
2023/12/05 19:03:00 [notice] 1522#1522: start worker process 1574
2023/12/05 19:03:00 [notice] 1522#1522: start worker process 1575
2023/12/05 19:03:43 [notice] 1522#1522: signal 3 (SIGQUIT) received from 1, shutting down
2023/12/05 19:03:43 [notice] 1565#1565: gracefully shutting down
2023/12/05 19:03:43 [notice] 1566#1566: gracefully shutting down
2023/12/05 19:03:43 [notice] 1566#1566: exiting
2023/12/05 19:03:43 [notice] 1567#1567: gracefully shutting down
2023/12/05 19:03:43 [notice] 1567#1567: exiting
2023/12/05 19:03:43 [notice] 1565#1565: exiting
2023/12/05 19:03:43 [notice] 1568#1568: gracefully shutting down
2023/12/05 19:03:43 [notice] 1573#1573: gracefully shutting down
2023/12/05 19:03:43 [notice] 1568#1568: exiting
2023/12/05 19:03:43 [notice] 1569#1569: gracefully shutting down
2023/12/05 19:03:43 [notice] 1573#1573: exiting
2023/12/05 19:03:43 [notice] 1569#1569: exiting
2023/12/05 19:03:43 [notice] 1574#1574: gracefully shutting down
2023/12/05 19:03:43 [notice] 1570#1570: gracefully shutting down
2023/12/05 19:03:43 [notice] 1574#1574: exiting
2023/12/05 19:03:43 [notice] 1570#1570: exiting
2023/12/05 19:03:43 [notice] 1571#1571: gracefully shutting down
2023/12/05 19:03:43 [notice] 1571#1571: exiting
2023/12/05 19:03:43 [notice] 1575#1575: gracefully shutting down
2023/12/05 19:03:43 [notice] 1575#1575: exiting
2023/12/05 19:03:43 [notice] 1565#1565: exit
2023/12/05 19:03:43 [notice] 1566#1566: exit
2023/12/05 19:03:43 [notice] 1574#1574: exit
2023/12/05 19:03:43 [notice] 1568#1568: exit
2023/12/05 19:03:43 [notice] 1571#1571: exit
2023/12/05 19:03:43 [notice] 1573#1573: exit
2023/12/05 19:03:43 [notice] 1522#1522: signal 17 (SIGCHLD) received from 1574
2023/12/05 19:03:43 [notice] 1522#1522: worker process 1566 exited with code 0
2023/12/05 19:03:43 [notice] 1522#1522: worker process 1565 exited with code 0
2023/12/05 19:03:43 [notice] 1522#1522: worker process 1568 exited with code 0
2023/12/05 19:03:43 [notice] 1522#1522: worker process 1574 exited with code 0
2023/12/05 19:03:43 [notice] 1522#1522: signal 29 (SIGIO) received
2023/12/05 19:03:43 [notice] 1522#1522: signal 17 (SIGCHLD) received from 1565
2023/12/05 19:03:43 [notice] 1572#1572: gracefully shutting down
2023/12/05 19:03:43 [notice] 1572#1572: exiting
2023/12/05 19:03:43 [notice] 1569#1569: exit
2023/12/05 19:03:43 [notice] 1522#1522: signal 17 (SIGCHLD) received from 1573
2023/12/05 19:03:43 [notice] 1522#1522: worker process 1571 exited with code 0
2023/12/05 19:03:43 [notice] 1522#1522: worker process 1573 exited with code 0
2023/12/05 19:03:43 [notice] 1522#1522: signal 29 (SIGIO) received
2023/12/05 19:03:43 [notice] 1522#1522: signal 17 (SIGCHLD) received from 1569
2023/12/05 19:03:43 [notice] 1522#1522: worker process 1569 exited with code 0
2023/12/05 19:03:43 [notice] 1522#1522: signal 29 (SIGIO) received
2023/12/05 19:03:43 [notice] 1570#1570: exit
2023/12/05 19:03:43 [notice] 1572#1572: exit
2023/12/05 19:03:43 [notice] 1575#1575: exit
2023/12/05 19:03:43 [notice] 1567#1567: exit
2023/12/05 19:03:43 [notice] 1522#1522: signal 17 (SIGCHLD) received from 1570
2023/12/05 19:03:43 [notice] 1522#1522: worker process 1570 exited with code 0
2023/12/05 19:03:43 [notice] 1522#1522: worker process 1572 exited with code 0
2023/12/05 19:03:43 [notice] 1522#1522: signal 29 (SIGIO) received
2023/12/05 19:03:43 [notice] 1522#1522: signal 17 (SIGCHLD) received from 1572
2023/12/05 19:03:43 [notice] 1522#1522: signal 17 (SIGCHLD) received from 1575
2023/12/05 19:03:43 [notice] 1522#1522: worker process 1575 exited with code 0
2023/12/05 19:03:43 [notice] 1522#1522: signal 17 (SIGCHLD) received from 1567
2023/12/05 19:03:43 [notice] 1522#1522: worker process 1567 exited with code 0
2023/12/05 19:03:43 [alert] 1522#1522: unlink() "/tmp/appsmith/nginx.pid" failed (2: No such file or directory)
2023/12/05 19:03:43 [notice] 1522#1522: exit
+ ssl_conf_path=/appsmith-stacks/data/certificate/conf
+ mkdir -pv /appsmith-stacks/data/certificate/conf
+ cat
+ cat
+ [[ -z 'self' * ]]
+ export 'APPSMITH_ALLOWED_FRAME_ANCESTORS='\''self'\'' *'
+ APPSMITH_ALLOWED_FRAME_ANCESTORS=''\''self'\'' *'
+ [[ -z false ]]
+ use_https=0
+ [[ -n '' ]]
+ /opt/appsmith/templates/nginx-app.conf.sh 0 ''
+ cp -r /opt/appsmith/editor/404-image.png /opt/appsmith/editor/404.css /opt/appsmith/editor/404.html /opt/appsmith/editor/asset-manifest.json /opt/appsmith/editor/asset-manifest.json.gz /opt/appsmith/editor/favicon-black.ico /opt/appsmith/editor/index.html /opt/appsmith/editor/index.html.gz /opt/appsmith/editor/libraries /opt/appsmith/editor/manifest.json /opt/appsmith/editor/page.min.js /opt/appsmith/editor/pageService.js /opt/appsmith/editor/pageService.js.LICENSE.txt /opt/appsmith/editor/pageService.js.br /opt/appsmith/editor/pageService.js.gz /opt/appsmith/editor/pageService.js.map /opt/appsmith/editor/pageService.js.map.gz /opt/appsmith/editor/privacy-policy.html /opt/appsmith/editor/static /opt/appsmith/editor/terms-and-conditions.html /opt/appsmith/editor/tinymce /tmp/appsmith/www
+ apply-env-vars /opt/appsmith/editor/index.html /tmp/appsmith/www/index.html
+ original=/opt/appsmith/editor/index.html
+ served=/tmp/appsmith/www/index.html
+ node -e '
  const fs = require("fs")
  const content = fs.readFileSync("/opt/appsmith/editor/index.html", "utf8").replace(
    /\b__(APPSMITH_[A-Z0-9_]+)__\b/g,
    (placeholder, name) => (process.env[name] || "")
  )
  fs.writeFileSync("/tmp/appsmith/www/index.html", content)
  '
++ dirname /tmp/appsmith/www/index.html
+ pushd /tmp/appsmith/www
++ basename /tmp/appsmith/www/index.html
+ gzip --keep --force index.html
+ popd
+ exec nginx -g 'daemon off;error_log stderr info;'
2023/12/05 20:30:03 [notice] 1475#1475: using the "epoll" event method
2023/12/05 20:30:03 [notice] 1475#1475: nginx/1.18.0 (Ubuntu)
2023/12/05 20:30:03 [notice] 1475#1475: OS: Linux 6.4.16-linuxkit
2023/12/05 20:30:03 [notice] 1475#1475: getrlimit(RLIMIT_NOFILE): 1048576:1048576
2023/12/05 20:30:03 [notice] 1475#1475: start worker processes
2023/12/05 20:30:03 [notice] 1475#1475: start worker process 1535
2023/12/05 20:30:03 [notice] 1475#1475: start worker process 1536
2023/12/05 20:30:03 [notice] 1475#1475: start worker process 1537
2023/12/05 20:30:03 [notice] 1475#1475: start worker process 1538
2023/12/05 20:30:03 [notice] 1475#1475: start worker process 1539
2023/12/05 20:30:03 [notice] 1475#1475: start worker process 1540
2023/12/05 20:30:03 [notice] 1475#1475: start worker process 1541
2023/12/05 20:30:03 [notice] 1475#1475: start worker process 1542
2023/12/05 20:30:03 [notice] 1475#1475: start worker process 1543
2023/12/05 20:30:03 [notice] 1475#1475: start worker process 1544
2023/12/05 20:30:03 [notice] 1475#1475: start worker process 1545
2023/12/05 20:57:30 [notice] 1475#1475: signal 3 (SIGQUIT) received from 1, shutting down
2023/12/05 20:57:30 [notice] 1535#1535: gracefully shutting down
2023/12/05 20:57:30 [notice] 1536#1536: gracefully shutting down
2023/12/05 20:57:30 [notice] 1538#1538: gracefully shutting down
2023/12/05 20:57:30 [notice] 1537#1537: gracefully shutting down
2023/12/05 20:57:30 [notice] 1539#1539: gracefully shutting down
2023/12/05 20:57:30 [notice] 1536#1536: exiting
2023/12/05 20:57:30 [notice] 1538#1538: exiting
2023/12/05 20:57:30 [notice] 1544#1544: gracefully shutting down
2023/12/05 20:57:30 [notice] 1542#1542: gracefully shutting down
2023/12/05 20:57:30 [notice] 1539#1539: exiting
2023/12/05 20:57:30 [notice] 1542#1542: exiting
2023/12/05 20:57:30 [notice] 1540#1540: gracefully shutting down
2023/12/05 20:57:30 [notice] 1544#1544: exiting
2023/12/05 20:57:30 [notice] 1537#1537: exiting
2023/12/05 20:57:30 [notice] 1541#1541: gracefully shutting down
2023/12/05 20:57:30 [notice] 1543#1543: gracefully shutting down
2023/12/05 20:57:30 [notice] 1545#1545: gracefully shutting down
2023/12/05 20:57:30 [notice] 1535#1535: exiting
2023/12/05 20:57:30 [notice] 1543#1543: exiting
2023/12/05 20:57:30 [notice] 1540#1540: exiting
2023/12/05 20:57:30 [notice] 1541#1541: exiting
2023/12/05 20:57:30 [notice] 1545#1545: exiting
2023/12/05 20:57:30 [notice] 1538#1538: exit
2023/12/05 20:57:30 [notice] 1543#1543: exit
2023/12/05 20:57:30 [notice] 1535#1535: exit
2023/12/05 20:57:30 [notice] 1540#1540: exit
2023/12/05 20:57:30 [notice] 1542#1542: exit
2023/12/05 20:57:30 [notice] 1537#1537: exit
2023/12/05 20:57:30 [notice] 1544#1544: exit
2023/12/05 20:57:30 [notice] 1536#1536: exit
2023/12/05 20:57:30 [notice] 1541#1541: exit
2023/12/05 20:57:30 [notice] 1475#1475: signal 17 (SIGCHLD) received from 1543
2023/12/05 20:57:30 [notice] 1475#1475: worker process 1543 exited with code 0
2023/12/05 20:57:30 [notice] 1475#1475: signal 29 (SIGIO) received
2023/12/05 20:57:30 [notice] 1539#1539: exit
2023/12/05 20:57:30 [notice] 1475#1475: signal 17 (SIGCHLD) received from 1538
2023/12/05 20:57:30 [notice] 1475#1475: worker process 1538 exited with code 0
2023/12/05 20:57:30 [notice] 1475#1475: signal 29 (SIGIO) received
2023/12/05 20:57:30 [notice] 1475#1475: signal 17 (SIGCHLD) received from 1542
2023/12/05 20:57:30 [notice] 1475#1475: worker process 1542 exited with code 0
2023/12/05 20:57:30 [notice] 1475#1475: signal 29 (SIGIO) received
2023/12/05 20:57:30 [notice] 1475#1475: signal 17 (SIGCHLD) received from 1536
2023/12/05 20:57:30 [notice] 1475#1475: worker process 1536 exited with code 0
2023/12/05 20:57:30 [notice] 1475#1475: worker process 1537 exited with code 0
2023/12/05 20:57:30 [notice] 1475#1475: signal 29 (SIGIO) received
2023/12/05 20:57:30 [notice] 1475#1475: signal 17 (SIGCHLD) received from 1541
2023/12/05 20:57:30 [notice] 1475#1475: worker process 1541 exited with code 0
2023/12/05 20:57:30 [notice] 1475#1475: worker process 1535 exited with code 0
2023/12/05 20:57:30 [notice] 1475#1475: worker process 1539 exited with code 0
2023/12/05 20:57:30 [notice] 1475#1475: worker process 1544 exited with code 0
2023/12/05 20:57:30 [notice] 1475#1475: signal 29 (SIGIO) received
2023/12/05 20:57:30 [notice] 1475#1475: signal 17 (SIGCHLD) received from 1535
2023/12/05 20:57:30 [notice] 1475#1475: worker process 1540 exited with code 0
2023/12/05 20:57:30 [notice] 1475#1475: signal 29 (SIGIO) received
2023/12/05 20:57:30 [notice] 1545#1545: exit
2023/12/05 20:57:30 [notice] 1475#1475: signal 17 (SIGCHLD) received from 1545
2023/12/05 20:57:30 [notice] 1475#1475: worker process 1545 exited with code 0
2023/12/05 20:57:30 [notice] 1475#1475: exit
+ ssl_conf_path=/appsmith-stacks/data/certificate/conf
+ mkdir -pv /appsmith-stacks/data/certificate/conf
+ cat
+ cat
+ [[ -z 'self' * ]]
+ export 'APPSMITH_ALLOWED_FRAME_ANCESTORS='\''self'\'' *'
+ APPSMITH_ALLOWED_FRAME_ANCESTORS=''\''self'\'' *'
+ [[ -z false ]]
+ use_https=0
+ [[ -n '' ]]
+ /opt/appsmith/templates/nginx-app.conf.sh 0 ''
+ cp -r /opt/appsmith/editor/404-image.png /opt/appsmith/editor/404.css /opt/appsmith/editor/404.html /opt/appsmith/editor/asset-manifest.json /opt/appsmith/editor/asset-manifest.json.gz /opt/appsmith/editor/favicon-black.ico /opt/appsmith/editor/index.html /opt/appsmith/editor/index.html.gz /opt/appsmith/editor/libraries /opt/appsmith/editor/manifest.json /opt/appsmith/editor/page.min.js /opt/appsmith/editor/pageService.js /opt/appsmith/editor/pageService.js.LICENSE.txt /opt/appsmith/editor/pageService.js.br /opt/appsmith/editor/pageService.js.gz /opt/appsmith/editor/pageService.js.map /opt/appsmith/editor/pageService.js.map.gz /opt/appsmith/editor/privacy-policy.html /opt/appsmith/editor/static /opt/appsmith/editor/terms-and-conditions.html /opt/appsmith/editor/tinymce /tmp/appsmith/www
+ apply-env-vars /opt/appsmith/editor/index.html /tmp/appsmith/www/index.html
+ original=/opt/appsmith/editor/index.html
+ served=/tmp/appsmith/www/index.html
+ node -e '
  const fs = require("fs")
  const content = fs.readFileSync("/opt/appsmith/editor/index.html", "utf8").replace(
    /\b__(APPSMITH_[A-Z0-9_]+)__\b/g,
    (placeholder, name) => (process.env[name] || "")
  )
  fs.writeFileSync("/tmp/appsmith/www/index.html", content)
  '
++ dirname /tmp/appsmith/www/index.html
+ pushd /tmp/appsmith/www
++ basename /tmp/appsmith/www/index.html
+ gzip --keep --force index.html
+ popd
+ exec nginx -g 'daemon off;error_log stderr info;'
2023/12/05 20:57:40 [notice] 1476#1476: using the "epoll" event method
2023/12/05 20:57:40 [notice] 1476#1476: nginx/1.18.0 (Ubuntu)
2023/12/05 20:57:40 [notice] 1476#1476: OS: Linux 6.4.16-linuxkit
2023/12/05 20:57:40 [notice] 1476#1476: getrlimit(RLIMIT_NOFILE): 1048576:1048576
2023/12/05 20:57:40 [notice] 1476#1476: start worker processes
2023/12/05 20:57:40 [notice] 1476#1476: start worker process 1536
2023/12/05 20:57:40 [notice] 1476#1476: start worker process 1537
2023/12/05 20:57:40 [notice] 1476#1476: start worker process 1538
2023/12/05 20:57:40 [notice] 1476#1476: start worker process 1539
2023/12/05 20:57:40 [notice] 1476#1476: start worker process 1540
2023/12/05 20:57:40 [notice] 1476#1476: start worker process 1541
2023/12/05 20:57:40 [notice] 1476#1476: start worker process 1542
2023/12/05 20:57:40 [notice] 1476#1476: start worker process 1543
2023/12/05 20:57:40 [notice] 1476#1476: start worker process 1544
2023/12/05 20:57:40 [notice] 1476#1476: start worker process 1545
2023/12/05 20:57:40 [notice] 1476#1476: start worker process 1546
2023/12/05 21:39:31 [notice] 1476#1476: signal 3 (SIGQUIT) received from 1, shutting down
2023/12/05 21:39:31 [notice] 1536#1536: gracefully shutting down
2023/12/05 21:39:31 [notice] 1537#1537: gracefully shutting down
2023/12/05 21:39:31 [notice] 1538#1538: gracefully shutting down
2023/12/05 21:39:31 [notice] 1539#1539: gracefully shutting down
2023/12/05 21:39:31 [notice] 1537#1537: exiting
2023/12/05 21:39:31 [notice] 1540#1540: gracefully shutting down
2023/12/05 21:39:31 [notice] 1541#1541: gracefully shutting down
2023/12/05 21:39:31 [notice] 1536#1536: exiting
2023/12/05 21:39:31 [notice] 1538#1538: exiting
2023/12/05 21:39:31 [notice] 1540#1540: exiting
2023/12/05 21:39:31 [notice] 1541#1541: exiting
2023/12/05 21:39:31 [notice] 1542#1542: gracefully shutting down
2023/12/05 21:39:31 [notice] 1539#1539: exiting
2023/12/05 21:39:31 [notice] 1542#1542: exiting
2023/12/05 21:39:31 [notice] 1545#1545: gracefully shutting down
2023/12/05 21:39:31 [notice] 1546#1546: gracefully shutting down
2023/12/05 21:39:31 [notice] 1543#1543: gracefully shutting down
2023/12/05 21:39:31 [notice] 1544#1544: gracefully shutting down
2023/12/05 21:39:31 [notice] 1546#1546: exiting
2023/12/05 21:39:31 [notice] 1545#1545: exiting
2023/12/05 21:39:31 [notice] 1543#1543: exiting
2023/12/05 21:39:31 [notice] 1544#1544: exiting
2023/12/05 21:39:31 [notice] 1536#1536: exit
2023/12/05 21:39:31 [notice] 1540#1540: exit
2023/12/05 21:39:31 [notice] 1538#1538: exit
2023/12/05 21:39:31 [notice] 1546#1546: exit
2023/12/05 21:39:31 [notice] 1539#1539: exit
2023/12/05 21:39:31 [notice] 1537#1537: exit
2023/12/05 21:39:31 [notice] 1543#1543: exit
2023/12/05 21:39:31 [notice] 1541#1541: exit
2023/12/05 21:39:31 [notice] 1544#1544: exit
2023/12/05 21:39:31 [notice] 1545#1545: exit
2023/12/05 21:39:31 [notice] 1542#1542: exit
2023/12/05 21:39:31 [notice] 1476#1476: signal 17 (SIGCHLD) received from 1540
2023/12/05 21:39:31 [notice] 1476#1476: worker process 1540 exited with code 0
2023/12/05 21:39:31 [notice] 1476#1476: signal 29 (SIGIO) received
2023/12/05 21:39:31 [notice] 1476#1476: signal 17 (SIGCHLD) received from 1541
2023/12/05 21:39:31 [notice] 1476#1476: worker process 1541 exited with code 0
2023/12/05 21:39:31 [notice] 1476#1476: worker process 1545 exited with code 0
2023/12/05 21:39:31 [notice] 1476#1476: worker process 1537 exited with code 0
2023/12/05 21:39:31 [notice] 1476#1476: worker process 1538 exited with code 0
2023/12/05 21:39:31 [notice] 1476#1476: worker process 1542 exited with code 0
2023/12/05 21:39:31 [notice] 1476#1476: signal 29 (SIGIO) received
2023/12/05 21:39:31 [notice] 1476#1476: signal 17 (SIGCHLD) received from 1545
2023/12/05 21:39:31 [notice] 1476#1476: worker process 1536 exited with code 0
2023/12/05 21:39:31 [notice] 1476#1476: worker process 1546 exited with code 0
2023/12/05 21:39:31 [notice] 1476#1476: signal 29 (SIGIO) received
2023/12/05 21:39:31 [notice] 1476#1476: signal 17 (SIGCHLD) received from 1544
2023/12/05 21:39:31 [notice] 1476#1476: worker process 1539 exited with code 0
2023/12/05 21:39:31 [notice] 1476#1476: worker process 1544 exited with code 0
2023/12/05 21:39:31 [notice] 1476#1476: signal 29 (SIGIO) received
2023/12/05 21:39:31 [notice] 1476#1476: signal 17 (SIGCHLD) received from 1539
2023/12/05 21:39:31 [notice] 1476#1476: signal 17 (SIGCHLD) received from 1543
2023/12/05 21:39:31 [notice] 1476#1476: worker process 1543 exited with code 0
2023/12/05 21:39:31 [notice] 1476#1476: exit
+ ssl_conf_path=/appsmith-stacks/data/certificate/conf
+ mkdir -pv /appsmith-stacks/data/certificate/conf
+ cat
+ cat
+ [[ -z 'self' * ]]
+ export 'APPSMITH_ALLOWED_FRAME_ANCESTORS='\''self'\'' *'
+ APPSMITH_ALLOWED_FRAME_ANCESTORS=''\''self'\'' *'
+ [[ -z false ]]
+ use_https=0
+ [[ -n '' ]]
+ /opt/appsmith/templates/nginx-app.conf.sh 0 ''
+ cp -r /opt/appsmith/editor/404-image.png /opt/appsmith/editor/404.css /opt/appsmith/editor/404.html /opt/appsmith/editor/asset-manifest.json /opt/appsmith/editor/asset-manifest.json.gz /opt/appsmith/editor/favicon-black.ico /opt/appsmith/editor/index.html /opt/appsmith/editor/index.html.gz /opt/appsmith/editor/libraries /opt/appsmith/editor/manifest.json /opt/appsmith/editor/page.min.js /opt/appsmith/editor/pageService.js /opt/appsmith/editor/pageService.js.LICENSE.txt /opt/appsmith/editor/pageService.js.br /opt/appsmith/editor/pageService.js.gz /opt/appsmith/editor/pageService.js.map /opt/appsmith/editor/pageService.js.map.gz /opt/appsmith/editor/privacy-policy.html /opt/appsmith/editor/static /opt/appsmith/editor/terms-and-conditions.html /opt/appsmith/editor/tinymce /tmp/appsmith/www
+ apply-env-vars /opt/appsmith/editor/index.html /tmp/appsmith/www/index.html
+ original=/opt/appsmith/editor/index.html
+ served=/tmp/appsmith/www/index.html
+ node -e '
  const fs = require("fs")
  const content = fs.readFileSync("/opt/appsmith/editor/index.html", "utf8").replace(
    /\b__(APPSMITH_[A-Z0-9_]+)__\b/g,
    (placeholder, name) => (process.env[name] || "")
  )
  fs.writeFileSync("/tmp/appsmith/www/index.html", content)
  '
++ dirname /tmp/appsmith/www/index.html
+ pushd /tmp/appsmith/www
++ basename /tmp/appsmith/www/index.html
+ gzip --keep --force index.html
+ popd
+ exec nginx -g 'daemon off;error_log stderr info;'
2023/12/05 21:39:41 [notice] 1476#1476: using the "epoll" event method
2023/12/05 21:39:41 [notice] 1476#1476: nginx/1.18.0 (Ubuntu)
2023/12/05 21:39:41 [notice] 1476#1476: OS: Linux 6.4.16-linuxkit
2023/12/05 21:39:41 [notice] 1476#1476: getrlimit(RLIMIT_NOFILE): 1048576:1048576
2023/12/05 21:39:41 [notice] 1476#1476: start worker processes
2023/12/05 21:39:41 [notice] 1476#1476: start worker process 1535
2023/12/05 21:39:41 [notice] 1476#1476: start worker process 1536
2023/12/05 21:39:41 [notice] 1476#1476: start worker process 1537
2023/12/05 21:39:41 [notice] 1476#1476: start worker process 1538
2023/12/05 21:39:41 [notice] 1476#1476: start worker process 1539
2023/12/05 21:39:41 [notice] 1476#1476: start worker process 1540
2023/12/05 21:39:41 [notice] 1476#1476: start worker process 1541
2023/12/05 21:39:41 [notice] 1476#1476: start worker process 1542
2023/12/05 21:39:41 [notice] 1476#1476: start worker process 1543
2023/12/05 21:39:41 [notice] 1476#1476: start worker process 1544
2023/12/05 21:39:41 [notice] 1476#1476: start worker process 1545
2023/12/05 22:05:35 [notice] 1476#1476: signal 3 (SIGQUIT) received from 1, shutting down
2023/12/05 22:05:35 [notice] 1540#1540: gracefully shutting down
2023/12/05 22:05:35 [notice] 1541#1541: gracefully shutting down
2023/12/05 22:05:35 [notice] 1537#1537: gracefully shutting down
2023/12/05 22:05:35 [notice] 1542#1542: gracefully shutting down
2023/12/05 22:05:35 [notice] 1542#1542: exiting
2023/12/05 22:05:35 [notice] 1537#1537: exiting
2023/12/05 22:05:35 [notice] 1536#1536: gracefully shutting down
2023/12/05 22:05:35 [notice] 1545#1545: gracefully shutting down
2023/12/05 22:05:35 [notice] 1536#1536: exiting
2023/12/05 22:05:35 [notice] 1544#1544: gracefully shutting down
2023/12/05 22:05:35 [notice] 1538#1538: gracefully shutting down
2023/12/05 22:05:35 [notice] 1544#1544: exiting
2023/12/05 22:05:35 [notice] 1538#1538: exiting
2023/12/05 22:05:35 [notice] 1543#1543: gracefully shutting down
2023/12/05 22:05:35 [notice] 1535#1535: gracefully shutting down
2023/12/05 22:05:35 [notice] 1543#1543: exiting
2023/12/05 22:05:35 [notice] 1535#1535: exiting
2023/12/05 22:05:35 [notice] 1541#1541: exiting
2023/12/05 22:05:35 [notice] 1539#1539: gracefully shutting down
2023/12/05 22:05:35 [notice] 1545#1545: exiting
2023/12/05 22:05:35 [notice] 1539#1539: exiting
2023/12/05 22:05:35 [notice] 1540#1540: exiting
2023/12/05 22:05:35 [notice] 1538#1538: exit
2023/12/05 22:05:35 [notice] 1535#1535: exit
2023/12/05 22:05:35 [notice] 1536#1536: exit
2023/12/05 22:05:35 [notice] 1539#1539: exit
2023/12/05 22:05:35 [notice] 1542#1542: exit
2023/12/05 22:05:35 [notice] 1543#1543: exit
2023/12/05 22:05:36 [notice] 1476#1476: signal 17 (SIGCHLD) received from 1539
2023/12/05 22:05:36 [notice] 1476#1476: worker process 1539 exited with code 0
2023/12/05 22:05:36 [notice] 1476#1476: signal 29 (SIGIO) received
2023/12/05 22:05:36 [notice] 1476#1476: signal 17 (SIGCHLD) received from 1542
2023/12/05 22:05:36 [notice] 1476#1476: worker process 1542 exited with code 0
2023/12/05 22:05:36 [notice] 1476#1476: signal 29 (SIGIO) received
2023/12/05 22:05:36 [notice] 1476#1476: signal 17 (SIGCHLD) received from 1536
2023/12/05 22:05:36 [notice] 1476#1476: worker process 1535 exited with code 0
2023/12/05 22:05:36 [notice] 1476#1476: worker process 1536 exited with code 0
2023/12/05 22:05:36 [notice] 1476#1476: signal 29 (SIGIO) received
2023/12/05 22:05:36 [notice] 1476#1476: signal 17 (SIGCHLD) received from 1538
2023/12/05 22:05:36 [notice] 1476#1476: worker process 1538 exited with code 0
2023/12/05 22:05:36 [notice] 1476#1476: signal 29 (SIGIO) received
2023/12/05 22:05:36 [notice] 1476#1476: signal 17 (SIGCHLD) received from 1543
2023/12/05 22:05:35 [notice] 1537#1537: exit
2023/12/05 22:05:36 [notice] 1476#1476: worker process 1543 exited with code 0
2023/12/05 22:05:36 [notice] 1476#1476: signal 29 (SIGIO) received
2023/12/05 22:05:35 [notice] 1544#1544: exit
2023/12/05 22:05:35 [notice] 1545#1545: exit
2023/12/05 22:05:35 [notice] 1540#1540: exit
2023/12/05 22:05:35 [notice] 1541#1541: exit
2023/12/05 22:05:36 [notice] 1476#1476: signal 17 (SIGCHLD) received from 1545
2023/12/05 22:05:36 [notice] 1476#1476: worker process 1545 exited with code 0
2023/12/05 22:05:36 [notice] 1476#1476: signal 29 (SIGIO) received
2023/12/05 22:05:36 [notice] 1476#1476: signal 17 (SIGCHLD) received from 1540
2023/12/05 22:05:36 [notice] 1476#1476: worker process 1540 exited with code 0
2023/12/05 22:05:36 [notice] 1476#1476: signal 29 (SIGIO) received
2023/12/05 22:05:36 [notice] 1476#1476: signal 17 (SIGCHLD) received from 1537
2023/12/05 22:05:36 [notice] 1476#1476: worker process 1537 exited with code 0
2023/12/05 22:05:36 [notice] 1476#1476: signal 29 (SIGIO) received
2023/12/05 22:05:36 [notice] 1476#1476: signal 17 (SIGCHLD) received from 1541
2023/12/05 22:05:36 [notice] 1476#1476: worker process 1541 exited with code 0
2023/12/05 22:05:36 [notice] 1476#1476: signal 29 (SIGIO) received
2023/12/05 22:05:36 [notice] 1476#1476: signal 17 (SIGCHLD) received from 1544
2023/12/05 22:05:36 [notice] 1476#1476: worker process 1544 exited with code 0
2023/12/05 22:05:36 [notice] 1476#1476: exit
