+ ssl_conf_path=/appsmith-stacks/data/certificate/conf
+ mkdir -pv /appsmith-stacks/data/certificate/conf
+ cat
+ cat
+ [[ -z 'self' * ]]
+ export 'APPSMITH_ALLOWED_FRAME_ANCESTORS='\''self'\'' *'
+ APPSMITH_ALLOWED_FRAME_ANCESTORS=''\''self'\'' *'
+ [[ -z false ]]
+ use_https=0
+ [[ -n '' ]]
+ /opt/appsmith/templates/nginx-app.conf.sh 0 ''
+ cp -r /opt/appsmith/editor/404-image.png /opt/appsmith/editor/404.css /opt/appsmith/editor/404.html /opt/appsmith/editor/asset-manifest.json /opt/appsmith/editor/asset-manifest.json.gz /opt/appsmith/editor/favicon-black.ico /opt/appsmith/editor/index.html /opt/appsmith/editor/index.html.gz /opt/appsmith/editor/libraries /opt/appsmith/editor/manifest.json /opt/appsmith/editor/page.min.js /opt/appsmith/editor/pageService.js /opt/appsmith/editor/pageService.js.LICENSE.txt /opt/appsmith/editor/pageService.js.br /opt/appsmith/editor/pageService.js.gz /opt/appsmith/editor/pageService.js.map /opt/appsmith/editor/pageService.js.map.gz /opt/appsmith/editor/privacy-policy.html /opt/appsmith/editor/static /opt/appsmith/editor/terms-and-conditions.html /opt/appsmith/editor/tinymce /tmp/appsmith/www
+ apply-env-vars /opt/appsmith/editor/index.html /tmp/appsmith/www/index.html
+ original=/opt/appsmith/editor/index.html
+ served=/tmp/appsmith/www/index.html
+ node -e '
  const fs = require("fs")
  const content = fs.readFileSync("/opt/appsmith/editor/index.html", "utf8").replace(
    /\b__(APPSMITH_[A-Z0-9_]+)__\b/g,
    (placeholder, name) => (process.env[name] || "")
  )
  fs.writeFileSync("/tmp/appsmith/www/index.html", content)
  '
++ dirname /tmp/appsmith/www/index.html
+ pushd /tmp/appsmith/www
++ basename /tmp/appsmith/www/index.html
+ gzip --keep --force index.html
+ popd
+ exec nginx -g 'daemon off;error_log stderr info;'
2023/12/04 17:46:59 [notice] 1894#1894: using the "epoll" event method
2023/12/04 17:46:59 [notice] 1894#1894: nginx/1.18.0 (Ubuntu)
2023/12/04 17:46:59 [notice] 1894#1894: OS: Linux 6.4.16-linuxkit
2023/12/04 17:46:59 [notice] 1894#1894: getrlimit(RLIMIT_NOFILE): 1048576:1048576
2023/12/04 17:46:59 [notice] 1894#1894: start worker processes
2023/12/04 17:46:59 [notice] 1894#1894: start worker process 1942
2023/12/04 17:46:59 [notice] 1894#1894: start worker process 1943
2023/12/04 17:46:59 [notice] 1894#1894: start worker process 1944
2023/12/04 17:46:59 [notice] 1894#1894: start worker process 1945
2023/12/04 17:46:59 [notice] 1894#1894: start worker process 1946
2023/12/04 17:46:59 [notice] 1894#1894: start worker process 1947
2023/12/04 17:46:59 [notice] 1894#1894: start worker process 1948
2023/12/04 17:46:59 [notice] 1894#1894: start worker process 1949
2023/12/04 17:46:59 [notice] 1894#1894: start worker process 1950
2023/12/04 17:46:59 [notice] 1894#1894: start worker process 1951
2023/12/04 17:46:59 [notice] 1894#1894: start worker process 1952
2023/12/04 17:47:46 [notice] 1894#1894: signal 3 (SIGQUIT) received from 1, shutting down
2023/12/04 17:47:46 [notice] 1942#1942: gracefully shutting down
2023/12/04 17:47:46 [notice] 1942#1942: exiting
2023/12/04 17:47:46 [notice] 1943#1943: gracefully shutting down
2023/12/04 17:47:46 [notice] 1944#1944: gracefully shutting down
2023/12/04 17:47:46 [notice] 1945#1945: gracefully shutting down
2023/12/04 17:47:46 [notice] 1945#1945: exiting
2023/12/04 17:47:46 [notice] 1946#1946: gracefully shutting down
2023/12/04 17:47:46 [notice] 1944#1944: exiting
2023/12/04 17:47:46 [notice] 1950#1950: gracefully shutting down
2023/12/04 17:47:46 [notice] 1949#1949: gracefully shutting down
2023/12/04 17:47:46 [notice] 1943#1943: exiting
2023/12/04 17:47:46 [notice] 1949#1949: exiting
2023/12/04 17:47:46 [notice] 1950#1950: exiting
2023/12/04 17:47:46 [notice] 1947#1947: gracefully shutting down
2023/12/04 17:47:46 [notice] 1948#1948: gracefully shutting down
2023/12/04 17:47:46 [notice] 1952#1952: gracefully shutting down
2023/12/04 17:47:46 [notice] 1952#1952: exiting
2023/12/04 17:47:46 [notice] 1946#1946: exiting
2023/12/04 17:47:46 [notice] 1951#1951: gracefully shutting down
2023/12/04 17:47:46 [notice] 1948#1948: exiting
2023/12/04 17:47:46 [notice] 1951#1951: exiting
2023/12/04 17:47:46 [notice] 1947#1947: exiting
2023/12/04 17:47:46 [notice] 1952#1952: exit
2023/12/04 17:47:46 [notice] 1945#1945: exit
2023/12/04 17:47:46 [notice] 1942#1942: exit
2023/12/04 17:47:46 [notice] 1950#1950: exit
2023/12/04 17:47:46 [notice] 1949#1949: exit
2023/12/04 17:47:46 [notice] 1944#1944: exit
2023/12/04 17:47:46 [notice] 1943#1943: exit
2023/12/04 17:47:46 [notice] 1946#1946: exit
2023/12/04 17:47:46 [notice] 1894#1894: signal 17 (SIGCHLD) received from 1943
2023/12/04 17:47:46 [notice] 1894#1894: worker process 1943 exited with code 0
2023/12/04 17:47:46 [notice] 1894#1894: worker process 1945 exited with code 0
2023/12/04 17:47:46 [notice] 1894#1894: worker process 1944 exited with code 0
2023/12/04 17:47:46 [notice] 1894#1894: worker process 1946 exited with code 0
2023/12/04 17:47:46 [notice] 1894#1894: worker process 1942 exited with code 0
2023/12/04 17:47:46 [notice] 1894#1894: worker process 1949 exited with code 0
2023/12/04 17:47:46 [notice] 1894#1894: worker process 1950 exited with code 0
2023/12/04 17:47:46 [notice] 1894#1894: worker process 1952 exited with code 0
2023/12/04 17:47:46 [notice] 1894#1894: signal 29 (SIGIO) received
2023/12/04 17:47:46 [notice] 1894#1894: signal 17 (SIGCHLD) received from 1950
2023/12/04 17:47:46 [notice] 1948#1948: exit
2023/12/04 17:47:46 [notice] 1947#1947: exit
2023/12/04 17:47:46 [notice] 1951#1951: exit
2023/12/04 17:47:46 [notice] 1894#1894: signal 17 (SIGCHLD) received from 1948
2023/12/04 17:47:46 [notice] 1894#1894: worker process 1948 exited with code 0
2023/12/04 17:47:46 [notice] 1894#1894: signal 29 (SIGIO) received
2023/12/04 17:47:46 [notice] 1894#1894: signal 17 (SIGCHLD) received from 1947
2023/12/04 17:47:46 [notice] 1894#1894: worker process 1947 exited with code 0
2023/12/04 17:47:46 [notice] 1894#1894: signal 29 (SIGIO) received
2023/12/04 17:47:46 [notice] 1894#1894: signal 17 (SIGCHLD) received from 1951
2023/12/04 17:47:46 [notice] 1894#1894: worker process 1951 exited with code 0
2023/12/04 17:47:46 [notice] 1894#1894: exit
