2023-12-05 22:15:54,829 CRIT Supervisor is running as root.  Privileges were not dropped because no user is specified in the config file.  If you intend to run as root, you can set user=root in the config file to avoid this message.
2023-12-05 22:15:54,829 INFO Included extra file "/tmp/appsmith/supervisor-conf.d/backend.conf" during parsing
2023-12-05 22:15:54,829 INFO Included extra file "/tmp/appsmith/supervisor-conf.d/editor.conf" during parsing
2023-12-05 22:15:54,830 INFO Included extra file "/tmp/appsmith/supervisor-conf.d/mongodb.conf" during parsing
2023-12-05 22:15:54,830 INFO Included extra file "/tmp/appsmith/supervisor-conf.d/postgres.conf" during parsing
2023-12-05 22:15:54,830 INFO Included extra file "/tmp/appsmith/supervisor-conf.d/redis.conf" during parsing
2023-12-05 22:15:54,830 INFO Included extra file "/tmp/appsmith/supervisor-conf.d/rts.conf" during parsing
2023-12-05 22:15:54,833 INFO RPC interface 'supervisor' initialized
2023-12-05 22:15:54,833 INFO RPC interface 'supervisor' initialized
2023-12-05 22:15:54,833 CRIT Server 'unix_http_server' running without any HTTP authentication checking
2023-12-05 22:15:54,833 INFO supervisord started with pid 1
2023-12-05 22:15:55,387 INFO spawned: 'stdout' with pid 1711
2023-12-05 22:15:55,389 INFO spawned: 'redis' with pid 1712
2023-12-05 22:15:55,390 INFO spawned: 'mongodb' with pid 1713
2023-12-05 22:15:55,391 INFO spawned: 'rts' with pid 1714
2023-12-05 22:15:55,392 INFO spawned: 'backend' with pid 1715
2023-12-05 22:15:55,394 INFO spawned: 'editor' with pid 1719
2023-12-05 22:15:55,395 INFO spawned: 'postgres' with pid 1721
2023-12-05 22:15:55,398 INFO success: redis entered RUNNING state, process has stayed up for > than 0 seconds (startsecs)
2023-12-05 22:15:55,398 INFO success: rts entered RUNNING state, process has stayed up for > than 0 seconds (startsecs)
2023-12-05 22:15:55,399 INFO success: editor entered RUNNING state, process has stayed up for > than 0 seconds (startsecs)
2023-12-05 22:15:56,426 INFO success: stdout entered RUNNING state, process has stayed up for > than 1 seconds (startsecs)
2023-12-05 22:15:56,427 INFO success: postgres entered RUNNING state, process has stayed up for > than 1 seconds (startsecs)
2023-12-05 22:15:57,442 INFO reaped unknown pid 56
2023-12-05 22:15:58,243 INFO reaped unknown pid 17
2023-12-05 22:16:05,389 INFO success: mongodb entered RUNNING state, process has stayed up for > than 10 seconds (startsecs)
2023-12-05 22:16:15,873 INFO success: backend entered RUNNING state, process has stayed up for > than 20 seconds (startsecs)
2023-12-05 23:58:09,633 WARN received SIGTERM indicating exit request
2023-12-05 23:58:09,635 INFO waiting for stdout, redis, mongodb, rts, backend, editor, postgres to die
2023-12-05 23:58:09,662 INFO stopped: postgres (exit status 0)
2023-12-05 23:58:12,681 INFO waiting for stdout, redis, mongodb, rts, backend, editor to die
2023-12-05 23:58:15,696 INFO waiting for stdout, redis, mongodb, rts, backend, editor to die
2023-12-05 23:58:18,704 INFO waiting for stdout, redis, mongodb, rts, backend, editor to die
2023-12-05 23:58:26,472 CRIT Supervisor is running as root.  Privileges were not dropped because no user is specified in the config file.  If you intend to run as root, you can set user=root in the config file to avoid this message.
2023-12-05 23:58:26,473 INFO Included extra file "/tmp/appsmith/supervisor-conf.d/backend.conf" during parsing
2023-12-05 23:58:26,473 INFO Included extra file "/tmp/appsmith/supervisor-conf.d/editor.conf" during parsing
2023-12-05 23:58:26,473 INFO Included extra file "/tmp/appsmith/supervisor-conf.d/mongodb.conf" during parsing
2023-12-05 23:58:26,473 INFO Included extra file "/tmp/appsmith/supervisor-conf.d/postgres.conf" during parsing
2023-12-05 23:58:26,473 INFO Included extra file "/tmp/appsmith/supervisor-conf.d/redis.conf" during parsing
2023-12-05 23:58:26,473 INFO Included extra file "/tmp/appsmith/supervisor-conf.d/rts.conf" during parsing
2023-12-05 23:58:26,476 INFO RPC interface 'supervisor' initialized
2023-12-05 23:58:26,778 INFO RPC interface 'supervisor' initialized
2023-12-05 23:58:26,779 CRIT Server 'unix_http_server' running without any HTTP authentication checking
2023-12-05 23:58:26,779 INFO supervisord started with pid 1
2023-12-05 23:58:27,791 INFO spawned: 'stdout' with pid 1498
2023-12-05 23:58:27,796 INFO spawned: 'redis' with pid 1499
2023-12-05 23:58:27,800 INFO spawned: 'mongodb' with pid 1500
2023-12-05 23:58:27,802 INFO spawned: 'rts' with pid 1501
2023-12-05 23:58:27,806 INFO spawned: 'backend' with pid 1502
2023-12-05 23:58:27,812 INFO spawned: 'editor' with pid 1507
2023-12-05 23:58:27,815 INFO spawned: 'postgres' with pid 1509
2023-12-05 23:58:27,816 INFO reaped unknown pid 17
2023-12-05 23:58:27,822 INFO success: redis entered RUNNING state, process has stayed up for > than 0 seconds (startsecs)
2023-12-05 23:58:27,823 INFO success: rts entered RUNNING state, process has stayed up for > than 0 seconds (startsecs)
2023-12-05 23:58:27,823 INFO success: editor entered RUNNING state, process has stayed up for > than 0 seconds (startsecs)
2023-12-05 23:58:28,838 INFO success: stdout entered RUNNING state, process has stayed up for > than 1 seconds (startsecs)
2023-12-05 23:58:28,839 INFO success: postgres entered RUNNING state, process has stayed up for > than 1 seconds (startsecs)
2023-12-05 23:58:29,910 INFO reaped unknown pid 40
2023-12-05 23:58:38,012 INFO success: mongodb entered RUNNING state, process has stayed up for > than 10 seconds (startsecs)
2023-12-05 23:58:48,353 INFO success: backend entered RUNNING state, process has stayed up for > than 20 seconds (startsecs)
2023-12-06 00:01:33,350 WARN received SIGTERM indicating exit request
2023-12-06 00:01:33,353 INFO waiting for stdout, redis, mongodb, rts, backend, editor, postgres to die
2023-12-06 00:01:33,408 INFO stopped: postgres (exit status 0)
2023-12-06 00:01:36,426 INFO waiting for stdout, redis, mongodb, rts, backend, editor to die
2023-12-06 00:01:39,447 INFO waiting for stdout, redis, mongodb, rts, backend, editor to die
2023-12-06 00:01:54,322 CRIT Supervisor is running as root.  Privileges were not dropped because no user is specified in the config file.  If you intend to run as root, you can set user=root in the config file to avoid this message.
2023-12-06 00:01:54,322 INFO Included extra file "/tmp/appsmith/supervisor-conf.d/backend.conf" during parsing
2023-12-06 00:01:54,322 INFO Included extra file "/tmp/appsmith/supervisor-conf.d/editor.conf" during parsing
2023-12-06 00:01:54,322 INFO Included extra file "/tmp/appsmith/supervisor-conf.d/mongodb.conf" during parsing
2023-12-06 00:01:54,322 INFO Included extra file "/tmp/appsmith/supervisor-conf.d/postgres.conf" during parsing
2023-12-06 00:01:54,323 INFO Included extra file "/tmp/appsmith/supervisor-conf.d/redis.conf" during parsing
2023-12-06 00:01:54,323 INFO Included extra file "/tmp/appsmith/supervisor-conf.d/rts.conf" during parsing
2023-12-06 00:01:54,326 INFO RPC interface 'supervisor' initialized
2023-12-06 00:01:54,327 INFO RPC interface 'supervisor' initialized
2023-12-06 00:01:54,327 CRIT Server 'unix_http_server' running without any HTTP authentication checking
2023-12-06 00:01:54,327 INFO supervisord started with pid 1
2023-12-06 00:01:55,328 INFO spawned: 'stdout' with pid 1465
2023-12-06 00:01:55,330 INFO spawned: 'redis' with pid 1466
2023-12-06 00:01:55,331 INFO spawned: 'mongodb' with pid 1467
2023-12-06 00:01:55,334 INFO spawned: 'rts' with pid 1468
2023-12-06 00:01:55,336 INFO spawned: 'backend' with pid 1472
2023-12-06 00:01:55,339 INFO spawned: 'editor' with pid 1474
2023-12-06 00:01:55,341 INFO spawned: 'postgres' with pid 1476
2023-12-06 00:01:55,342 INFO reaped unknown pid 17
2023-12-06 00:01:55,344 INFO success: redis entered RUNNING state, process has stayed up for > than 0 seconds (startsecs)
2023-12-06 00:01:55,344 INFO success: rts entered RUNNING state, process has stayed up for > than 0 seconds (startsecs)
2023-12-06 00:01:55,345 INFO success: editor entered RUNNING state, process has stayed up for > than 0 seconds (startsecs)
2023-12-06 00:01:56,358 INFO success: stdout entered RUNNING state, process has stayed up for > than 1 seconds (startsecs)
2023-12-06 00:01:56,358 INFO success: postgres entered RUNNING state, process has stayed up for > than 1 seconds (startsecs)
2023-12-06 00:01:57,620 INFO reaped unknown pid 40
2023-12-06 00:02:05,451 INFO success: mongodb entered RUNNING state, process has stayed up for > than 10 seconds (startsecs)
2023-12-06 00:02:15,462 INFO success: backend entered RUNNING state, process has stayed up for > than 20 seconds (startsecs)
2023-12-06 00:03:28,458 WARN received SIGTERM indicating exit request
2023-12-06 00:03:28,459 INFO waiting for stdout, redis, mongodb, rts, backend, editor, postgres to die
2023-12-06 00:03:28,472 INFO stopped: postgres (exit status 0)
2023-12-06 00:03:31,485 INFO waiting for stdout, redis, mongodb, rts, backend, editor to die
2023-12-06 00:03:34,497 INFO waiting for stdout, redis, mongodb, rts, backend, editor to die
2023-12-06 00:03:37,505 INFO waiting for stdout, redis, mongodb, rts, backend, editor to die
2023-12-06 00:03:47,965 CRIT Supervisor is running as root.  Privileges were not dropped because no user is specified in the config file.  If you intend to run as root, you can set user=root in the config file to avoid this message.
2023-12-06 00:03:47,966 INFO Included extra file "/tmp/appsmith/supervisor-conf.d/backend.conf" during parsing
2023-12-06 00:03:47,966 INFO Included extra file "/tmp/appsmith/supervisor-conf.d/editor.conf" during parsing
2023-12-06 00:03:47,966 INFO Included extra file "/tmp/appsmith/supervisor-conf.d/mongodb.conf" during parsing
2023-12-06 00:03:47,966 INFO Included extra file "/tmp/appsmith/supervisor-conf.d/postgres.conf" during parsing
2023-12-06 00:03:47,967 INFO Included extra file "/tmp/appsmith/supervisor-conf.d/redis.conf" during parsing
2023-12-06 00:03:47,967 INFO Included extra file "/tmp/appsmith/supervisor-conf.d/rts.conf" during parsing
2023-12-06 00:03:47,969 INFO RPC interface 'supervisor' initialized
2023-12-06 00:03:48,276 INFO RPC interface 'supervisor' initialized
2023-12-06 00:03:48,277 CRIT Server 'unix_http_server' running without any HTTP authentication checking
2023-12-06 00:03:48,278 INFO supervisord started with pid 1
2023-12-06 00:03:49,290 INFO spawned: 'stdout' with pid 1498
2023-12-06 00:03:49,295 INFO spawned: 'redis' with pid 1499
2023-12-06 00:03:49,299 INFO spawned: 'mongodb' with pid 1500
2023-12-06 00:03:49,303 INFO spawned: 'rts' with pid 1501
2023-12-06 00:03:49,309 INFO spawned: 'backend' with pid 1505
2023-12-06 00:03:49,315 INFO spawned: 'editor' with pid 1507
2023-12-06 00:03:49,318 INFO spawned: 'postgres' with pid 1509
2023-12-06 00:03:49,319 INFO reaped unknown pid 17
2023-12-06 00:03:49,322 INFO success: redis entered RUNNING state, process has stayed up for > than 0 seconds (startsecs)
2023-12-06 00:03:49,323 INFO success: rts entered RUNNING state, process has stayed up for > than 0 seconds (startsecs)
2023-12-06 00:03:49,324 INFO success: editor entered RUNNING state, process has stayed up for > than 0 seconds (startsecs)
2023-12-06 00:03:50,349 INFO success: stdout entered RUNNING state, process has stayed up for > than 1 seconds (startsecs)
2023-12-06 00:03:50,350 INFO success: postgres entered RUNNING state, process has stayed up for > than 1 seconds (startsecs)
2023-12-06 00:03:51,382 INFO reaped unknown pid 40
2023-12-06 00:03:59,557 INFO success: mongodb entered RUNNING state, process has stayed up for > than 10 seconds (startsecs)
2023-12-06 00:04:09,736 INFO success: backend entered RUNNING state, process has stayed up for > than 20 seconds (startsecs)
2023-12-06 00:06:45,836 WARN received SIGTERM indicating exit request
2023-12-06 00:06:45,837 INFO waiting for stdout, redis, mongodb, rts, backend, editor, postgres to die
2023-12-06 00:06:45,867 INFO stopped: postgres (exit status 0)
2023-12-06 00:06:48,918 INFO waiting for stdout, redis, mongodb, rts, backend, editor to die
2023-12-06 00:06:51,931 INFO waiting for stdout, redis, mongodb, rts, backend, editor to die
2023-12-06 00:35:36,423 CRIT Supervisor is running as root.  Privileges were not dropped because no user is specified in the config file.  If you intend to run as root, you can set user=root in the config file to avoid this message.
2023-12-06 00:35:36,423 INFO Included extra file "/tmp/appsmith/supervisor-conf.d/backend.conf" during parsing
2023-12-06 00:35:36,424 INFO Included extra file "/tmp/appsmith/supervisor-conf.d/editor.conf" during parsing
2023-12-06 00:35:36,424 INFO Included extra file "/tmp/appsmith/supervisor-conf.d/mongodb.conf" during parsing
2023-12-06 00:35:36,424 INFO Included extra file "/tmp/appsmith/supervisor-conf.d/postgres.conf" during parsing
2023-12-06 00:35:36,424 INFO Included extra file "/tmp/appsmith/supervisor-conf.d/redis.conf" during parsing
2023-12-06 00:35:36,424 INFO Included extra file "/tmp/appsmith/supervisor-conf.d/rts.conf" during parsing
2023-12-06 00:35:36,427 INFO RPC interface 'supervisor' initialized
2023-12-06 00:35:36,730 INFO RPC interface 'supervisor' initialized
2023-12-06 00:35:36,731 CRIT Server 'unix_http_server' running without any HTTP authentication checking
2023-12-06 00:35:36,732 INFO supervisord started with pid 1
2023-12-06 00:35:37,739 INFO spawned: 'stdout' with pid 1498
2023-12-06 00:35:37,742 INFO spawned: 'redis' with pid 1499
2023-12-06 00:35:37,744 INFO spawned: 'mongodb' with pid 1500
2023-12-06 00:35:37,747 INFO spawned: 'rts' with pid 1501
2023-12-06 00:35:37,749 INFO spawned: 'backend' with pid 1502
2023-12-06 00:35:37,752 INFO spawned: 'editor' with pid 1506
2023-12-06 00:35:37,754 INFO spawned: 'postgres' with pid 1508
2023-12-06 00:35:37,754 INFO reaped unknown pid 17
2023-12-06 00:35:37,757 INFO success: redis entered RUNNING state, process has stayed up for > than 0 seconds (startsecs)
2023-12-06 00:35:37,758 INFO success: rts entered RUNNING state, process has stayed up for > than 0 seconds (startsecs)
2023-12-06 00:35:37,758 INFO success: editor entered RUNNING state, process has stayed up for > than 0 seconds (startsecs)
2023-12-06 00:35:38,787 INFO success: stdout entered RUNNING state, process has stayed up for > than 1 seconds (startsecs)
2023-12-06 00:35:38,787 INFO success: postgres entered RUNNING state, process has stayed up for > than 1 seconds (startsecs)
2023-12-06 00:35:39,928 INFO reaped unknown pid 40
2023-12-06 00:35:47,977 INFO success: mongodb entered RUNNING state, process has stayed up for > than 10 seconds (startsecs)
2023-12-06 00:35:52,975 WARN received SIGTERM indicating exit request
2023-12-06 00:35:52,976 INFO waiting for stdout, redis, mongodb, rts, backend, editor, postgres to die
2023-12-06 00:35:53,002 INFO stopped: postgres (exit status 0)
2023-12-06 00:35:53,010 INFO stopped: editor (exit status 0)
2023-12-06 00:35:56,044 INFO waiting for stdout, redis, mongodb, rts, backend to die
2023-12-06 00:35:57,660 INFO stopped: backend (exit status 143)
2023-12-06 00:35:57,661 INFO reaped unknown pid 1643
2023-12-06 00:35:57,664 INFO stopped: rts (terminated by SIGTERM)
2023-12-06 00:35:58,669 INFO stopped: mongodb (exit status 0)
2023-12-06 00:35:58,739 INFO stopped: redis (exit status 0)
2023-12-06 00:35:58,740 INFO stopped: stdout (terminated by SIGTERM)
2023-12-06 00:43:26,522 CRIT Supervisor is running as root.  Privileges were not dropped because no user is specified in the config file.  If you intend to run as root, you can set user=root in the config file to avoid this message.
2023-12-06 00:43:26,522 INFO Included extra file "/tmp/appsmith/supervisor-conf.d/backend.conf" during parsing
2023-12-06 00:43:26,522 INFO Included extra file "/tmp/appsmith/supervisor-conf.d/editor.conf" during parsing
2023-12-06 00:43:26,522 INFO Included extra file "/tmp/appsmith/supervisor-conf.d/mongodb.conf" during parsing
2023-12-06 00:43:26,523 INFO Included extra file "/tmp/appsmith/supervisor-conf.d/postgres.conf" during parsing
2023-12-06 00:43:26,523 INFO Included extra file "/tmp/appsmith/supervisor-conf.d/redis.conf" during parsing
2023-12-06 00:43:26,523 INFO Included extra file "/tmp/appsmith/supervisor-conf.d/rts.conf" during parsing
2023-12-06 00:43:26,526 INFO RPC interface 'supervisor' initialized
2023-12-06 00:43:26,526 INFO RPC interface 'supervisor' initialized
2023-12-06 00:43:26,527 CRIT Server 'unix_http_server' running without any HTTP authentication checking
2023-12-06 00:43:26,527 INFO supervisord started with pid 1
2023-12-06 00:43:26,658 INFO spawned: 'stdout' with pid 1464
2023-12-06 00:43:26,659 INFO spawned: 'redis' with pid 1465
2023-12-06 00:43:26,660 INFO spawned: 'mongodb' with pid 1466
2023-12-06 00:43:26,661 INFO spawned: 'rts' with pid 1467
2023-12-06 00:43:26,662 INFO spawned: 'backend' with pid 1468
2023-12-06 00:43:26,664 INFO spawned: 'editor' with pid 1472
2023-12-06 00:43:26,666 INFO spawned: 'postgres' with pid 1475
2023-12-06 00:43:26,667 INFO reaped unknown pid 17
2023-12-06 00:43:26,671 INFO success: redis entered RUNNING state, process has stayed up for > than 0 seconds (startsecs)
2023-12-06 00:43:26,671 INFO success: rts entered RUNNING state, process has stayed up for > than 0 seconds (startsecs)
2023-12-06 00:43:26,671 INFO success: editor entered RUNNING state, process has stayed up for > than 0 seconds (startsecs)
2023-12-06 00:43:27,681 INFO success: stdout entered RUNNING state, process has stayed up for > than 1 seconds (startsecs)
2023-12-06 00:43:27,681 INFO success: postgres entered RUNNING state, process has stayed up for > than 1 seconds (startsecs)
2023-12-06 00:43:28,925 INFO reaped unknown pid 40
2023-12-06 00:43:36,966 INFO success: mongodb entered RUNNING state, process has stayed up for > than 10 seconds (startsecs)
2023-12-06 00:43:47,639 INFO success: backend entered RUNNING state, process has stayed up for > than 20 seconds (startsecs)
2023-12-06 01:10:16,253 WARN received SIGTERM indicating exit request
2023-12-06 01:10:16,254 INFO waiting for stdout, redis, mongodb, rts, backend, editor, postgres to die
2023-12-06 01:10:16,272 INFO stopped: postgres (exit status 0)
2023-12-06 01:10:16,280 INFO stopped: editor (exit status 0)
2023-12-06 01:10:19,303 INFO waiting for stdout, redis, mongodb, rts, backend to die
2023-12-06 01:10:20,892 INFO reaped unknown pid 1607
2023-12-06 01:10:21,898 INFO stopped: backend (exit status 143)
2023-12-06 01:10:21,910 INFO stopped: rts (terminated by SIGTERM)
2023-12-06 01:10:22,713 INFO stopped: mongodb (exit status 0)
2023-12-06 01:10:22,714 INFO waiting for stdout, redis to die
2023-12-06 01:10:22,735 INFO stopped: redis (exit status 0)
2023-12-06 01:10:22,736 INFO stopped: stdout (terminated by SIGTERM)
2023-12-06 01:10:27,952 CRIT Supervisor is running as root.  Privileges were not dropped because no user is specified in the config file.  If you intend to run as root, you can set user=root in the config file to avoid this message.
2023-12-06 01:10:27,952 INFO Included extra file "/tmp/appsmith/supervisor-conf.d/backend.conf" during parsing
2023-12-06 01:10:27,952 INFO Included extra file "/tmp/appsmith/supervisor-conf.d/editor.conf" during parsing
2023-12-06 01:10:27,952 INFO Included extra file "/tmp/appsmith/supervisor-conf.d/mongodb.conf" during parsing
2023-12-06 01:10:27,952 INFO Included extra file "/tmp/appsmith/supervisor-conf.d/postgres.conf" during parsing
2023-12-06 01:10:27,953 INFO Included extra file "/tmp/appsmith/supervisor-conf.d/redis.conf" during parsing
2023-12-06 01:10:27,953 INFO Included extra file "/tmp/appsmith/supervisor-conf.d/rts.conf" during parsing
2023-12-06 01:10:27,956 INFO RPC interface 'supervisor' initialized
2023-12-06 01:10:27,956 INFO RPC interface 'supervisor' initialized
2023-12-06 01:10:27,956 CRIT Server 'unix_http_server' running without any HTTP authentication checking
2023-12-06 01:10:27,956 INFO supervisord started with pid 1
2023-12-06 01:10:28,214 INFO spawned: 'stdout' with pid 1467
2023-12-06 01:10:28,215 INFO spawned: 'redis' with pid 1468
2023-12-06 01:10:28,217 INFO spawned: 'mongodb' with pid 1469
2023-12-06 01:10:28,218 INFO spawned: 'rts' with pid 1470
2023-12-06 01:10:28,219 INFO spawned: 'backend' with pid 1471
2023-12-06 01:10:28,221 INFO spawned: 'editor' with pid 1475
2023-12-06 01:10:28,223 INFO spawned: 'postgres' with pid 1478
2023-12-06 01:10:28,224 INFO reaped unknown pid 17
2023-12-06 01:10:28,230 INFO success: redis entered RUNNING state, process has stayed up for > than 0 seconds (startsecs)
2023-12-06 01:10:28,230 INFO success: rts entered RUNNING state, process has stayed up for > than 0 seconds (startsecs)
2023-12-06 01:10:28,231 INFO success: editor entered RUNNING state, process has stayed up for > than 0 seconds (startsecs)
2023-12-06 01:10:29,239 INFO success: stdout entered RUNNING state, process has stayed up for > than 1 seconds (startsecs)
2023-12-06 01:10:29,239 INFO success: postgres entered RUNNING state, process has stayed up for > than 1 seconds (startsecs)
2023-12-06 01:10:30,265 INFO reaped unknown pid 40
2023-12-06 01:10:38,437 INFO success: mongodb entered RUNNING state, process has stayed up for > than 10 seconds (startsecs)
2023-12-06 01:10:48,423 INFO success: backend entered RUNNING state, process has stayed up for > than 20 seconds (startsecs)
2023-12-06 04:12:21,455 WARN received SIGTERM indicating exit request
2023-12-06 04:12:21,456 INFO waiting for stdout, redis, mongodb, rts, backend, editor, postgres to die
2023-12-06 04:12:21,490 INFO stopped: postgres (exit status 0)
2023-12-06 04:12:24,513 INFO waiting for stdout, redis, mongodb, rts, backend, editor to die
2023-12-06 04:12:27,526 INFO waiting for stdout, redis, mongodb, rts, backend, editor to die
2023-12-06 04:12:30,542 INFO waiting for stdout, redis, mongodb, rts, backend, editor to die
2023-12-06 15:42:56,658 CRIT Supervisor is running as root.  Privileges were not dropped because no user is specified in the config file.  If you intend to run as root, you can set user=root in the config file to avoid this message.
2023-12-06 15:42:56,660 INFO Included extra file "/tmp/appsmith/supervisor-conf.d/backend.conf" during parsing
2023-12-06 15:42:56,660 INFO Included extra file "/tmp/appsmith/supervisor-conf.d/editor.conf" during parsing
2023-12-06 15:42:56,660 INFO Included extra file "/tmp/appsmith/supervisor-conf.d/mongodb.conf" during parsing
2023-12-06 15:42:56,660 INFO Included extra file "/tmp/appsmith/supervisor-conf.d/postgres.conf" during parsing
2023-12-06 15:42:56,660 INFO Included extra file "/tmp/appsmith/supervisor-conf.d/redis.conf" during parsing
2023-12-06 15:42:56,660 INFO Included extra file "/tmp/appsmith/supervisor-conf.d/rts.conf" during parsing
2023-12-06 15:42:56,664 INFO RPC interface 'supervisor' initialized
2023-12-06 15:42:56,970 INFO RPC interface 'supervisor' initialized
2023-12-06 15:42:56,971 CRIT Server 'unix_http_server' running without any HTTP authentication checking
2023-12-06 15:42:56,972 INFO supervisord started with pid 1
2023-12-06 15:42:57,980 INFO spawned: 'stdout' with pid 1497
2023-12-06 15:42:57,984 INFO spawned: 'redis' with pid 1498
2023-12-06 15:42:57,988 INFO spawned: 'mongodb' with pid 1499
2023-12-06 15:42:57,993 INFO spawned: 'rts' with pid 1500
2023-12-06 15:42:58,000 INFO spawned: 'backend' with pid 1504
2023-12-06 15:42:58,009 INFO spawned: 'editor' with pid 1507
2023-12-06 15:42:58,012 INFO spawned: 'postgres' with pid 1508
2023-12-06 15:42:58,013 INFO reaped unknown pid 17
2023-12-06 15:42:58,026 INFO success: redis entered RUNNING state, process has stayed up for > than 0 seconds (startsecs)
2023-12-06 15:42:58,026 INFO success: rts entered RUNNING state, process has stayed up for > than 0 seconds (startsecs)
2023-12-06 15:42:58,027 INFO success: editor entered RUNNING state, process has stayed up for > than 0 seconds (startsecs)
2023-12-06 15:42:59,034 INFO success: stdout entered RUNNING state, process has stayed up for > than 1 seconds (startsecs)
2023-12-06 15:42:59,035 INFO success: postgres entered RUNNING state, process has stayed up for > than 1 seconds (startsecs)
2023-12-06 15:43:00,106 INFO reaped unknown pid 40
2023-12-06 15:58:00,473 INFO success: mongodb entered RUNNING state, process has stayed up for > than 10 seconds (startsecs)
2023-12-06 15:58:00,474 INFO success: backend entered RUNNING state, process has stayed up for > than 20 seconds (startsecs)
2023-12-06 18:13:00,542 WARN received SIGTERM indicating exit request
2023-12-06 18:13:00,543 INFO waiting for stdout, redis, mongodb, rts, backend, editor, postgres to die
2023-12-06 18:13:00,559 INFO stopped: postgres (exit status 0)
2023-12-06 18:13:03,583 INFO waiting for stdout, redis, mongodb, rts, backend, editor to die
2023-12-06 18:13:06,598 INFO waiting for stdout, redis, mongodb, rts, backend, editor to die
2023-12-06 18:13:09,613 INFO waiting for stdout, redis, mongodb, rts, backend, editor to die
2023-12-06 18:15:40,751 CRIT Supervisor is running as root.  Privileges were not dropped because no user is specified in the config file.  If you intend to run as root, you can set user=root in the config file to avoid this message.
2023-12-06 18:15:40,752 INFO Included extra file "/tmp/appsmith/supervisor-conf.d/backend.conf" during parsing
2023-12-06 18:15:40,752 INFO Included extra file "/tmp/appsmith/supervisor-conf.d/editor.conf" during parsing
2023-12-06 18:15:40,752 INFO Included extra file "/tmp/appsmith/supervisor-conf.d/mongodb.conf" during parsing
2023-12-06 18:15:40,752 INFO Included extra file "/tmp/appsmith/supervisor-conf.d/postgres.conf" during parsing
2023-12-06 18:15:40,752 INFO Included extra file "/tmp/appsmith/supervisor-conf.d/redis.conf" during parsing
2023-12-06 18:15:40,752 INFO Included extra file "/tmp/appsmith/supervisor-conf.d/rts.conf" during parsing
2023-12-06 18:15:40,755 INFO RPC interface 'supervisor' initialized
2023-12-06 18:15:41,062 INFO RPC interface 'supervisor' initialized
2023-12-06 18:15:41,062 CRIT Server 'unix_http_server' running without any HTTP authentication checking
2023-12-06 18:15:41,063 INFO supervisord started with pid 1
2023-12-06 18:15:42,072 INFO spawned: 'stdout' with pid 1498
2023-12-06 18:15:42,079 INFO spawned: 'redis' with pid 1499
2023-12-06 18:15:42,083 INFO spawned: 'mongodb' with pid 1500
2023-12-06 18:15:42,088 INFO spawned: 'rts' with pid 1501
2023-12-06 18:15:42,095 INFO spawned: 'backend' with pid 1505
2023-12-06 18:15:42,101 INFO spawned: 'editor' with pid 1507
2023-12-06 18:15:42,105 INFO spawned: 'postgres' with pid 1509
2023-12-06 18:15:42,106 INFO reaped unknown pid 17
2023-12-06 18:15:42,119 INFO success: redis entered RUNNING state, process has stayed up for > than 0 seconds (startsecs)
2023-12-06 18:15:42,119 INFO success: rts entered RUNNING state, process has stayed up for > than 0 seconds (startsecs)
2023-12-06 18:15:42,119 INFO success: editor entered RUNNING state, process has stayed up for > than 0 seconds (startsecs)
2023-12-06 18:15:43,126 INFO success: stdout entered RUNNING state, process has stayed up for > than 1 seconds (startsecs)
2023-12-06 18:15:43,127 INFO success: postgres entered RUNNING state, process has stayed up for > than 1 seconds (startsecs)
2023-12-06 18:15:44,148 INFO reaped unknown pid 40
2023-12-06 18:15:52,336 INFO success: mongodb entered RUNNING state, process has stayed up for > than 10 seconds (startsecs)
2023-12-06 18:16:02,598 INFO success: backend entered RUNNING state, process has stayed up for > than 20 seconds (startsecs)
2023-12-06 18:45:26,463 WARN received SIGTERM indicating exit request
2023-12-06 18:45:26,465 INFO waiting for stdout, redis, mongodb, rts, backend, editor, postgres to die
2023-12-06 18:45:26,487 INFO stopped: postgres (exit status 0)
2023-12-06 18:45:30,147 INFO waiting for stdout, redis, mongodb, rts, backend, editor to die
2023-12-06 18:45:33,155 INFO waiting for stdout, redis, mongodb, rts, backend, editor to die
2023-12-06 18:45:58,573 CRIT Supervisor is running as root.  Privileges were not dropped because no user is specified in the config file.  If you intend to run as root, you can set user=root in the config file to avoid this message.
2023-12-06 18:45:58,574 INFO Included extra file "/tmp/appsmith/supervisor-conf.d/backend.conf" during parsing
2023-12-06 18:45:58,575 INFO Included extra file "/tmp/appsmith/supervisor-conf.d/editor.conf" during parsing
2023-12-06 18:45:58,575 INFO Included extra file "/tmp/appsmith/supervisor-conf.d/mongodb.conf" during parsing
2023-12-06 18:45:58,575 INFO Included extra file "/tmp/appsmith/supervisor-conf.d/postgres.conf" during parsing
2023-12-06 18:45:58,575 INFO Included extra file "/tmp/appsmith/supervisor-conf.d/redis.conf" during parsing
2023-12-06 18:45:58,575 INFO Included extra file "/tmp/appsmith/supervisor-conf.d/rts.conf" during parsing
2023-12-06 18:45:58,579 INFO RPC interface 'supervisor' initialized
2023-12-06 18:45:58,579 INFO RPC interface 'supervisor' initialized
2023-12-06 18:45:58,579 CRIT Server 'unix_http_server' running without any HTTP authentication checking
2023-12-06 18:45:58,580 INFO supervisord started with pid 1
2023-12-06 18:45:58,691 INFO spawned: 'stdout' with pid 1464
2023-12-06 18:45:58,693 INFO spawned: 'redis' with pid 1465
2023-12-06 18:45:58,694 INFO spawned: 'mongodb' with pid 1466
2023-12-06 18:45:58,695 INFO spawned: 'rts' with pid 1467
2023-12-06 18:45:58,696 INFO spawned: 'backend' with pid 1468
2023-12-06 18:45:58,698 INFO spawned: 'editor' with pid 1469
2023-12-06 18:45:58,700 INFO spawned: 'postgres' with pid 1471
2023-12-06 18:45:58,700 INFO reaped unknown pid 17
2023-12-06 18:45:58,705 INFO success: redis entered RUNNING state, process has stayed up for > than 0 seconds (startsecs)
2023-12-06 18:45:58,705 INFO success: rts entered RUNNING state, process has stayed up for > than 0 seconds (startsecs)
2023-12-06 18:45:58,705 INFO success: editor entered RUNNING state, process has stayed up for > than 0 seconds (startsecs)
2023-12-06 18:45:59,719 INFO success: stdout entered RUNNING state, process has stayed up for > than 1 seconds (startsecs)
2023-12-06 18:45:59,719 INFO success: postgres entered RUNNING state, process has stayed up for > than 1 seconds (startsecs)
2023-12-06 18:46:00,453 INFO reaped unknown pid 40
2023-12-06 18:46:08,998 INFO success: mongodb entered RUNNING state, process has stayed up for > than 10 seconds (startsecs)
2023-12-06 18:46:18,802 INFO success: backend entered RUNNING state, process has stayed up for > than 20 seconds (startsecs)
2023-12-06 18:50:25,101 WARN received SIGTERM indicating exit request
2023-12-06 18:50:25,103 INFO waiting for stdout, redis, mongodb, rts, backend, editor, postgres to die
2023-12-06 18:50:25,145 INFO stopped: postgres (exit status 0)
2023-12-06 18:50:28,165 INFO waiting for stdout, redis, mongodb, rts, backend, editor to die
2023-12-06 18:50:31,359 INFO waiting for stdout, redis, mongodb, rts, backend, editor to die
2023-12-06 18:50:43,264 CRIT Supervisor is running as root.  Privileges were not dropped because no user is specified in the config file.  If you intend to run as root, you can set user=root in the config file to avoid this message.
2023-12-06 18:50:43,265 INFO Included extra file "/tmp/appsmith/supervisor-conf.d/backend.conf" during parsing
2023-12-06 18:50:43,265 INFO Included extra file "/tmp/appsmith/supervisor-conf.d/editor.conf" during parsing
2023-12-06 18:50:43,265 INFO Included extra file "/tmp/appsmith/supervisor-conf.d/mongodb.conf" during parsing
2023-12-06 18:50:43,265 INFO Included extra file "/tmp/appsmith/supervisor-conf.d/postgres.conf" during parsing
2023-12-06 18:50:43,265 INFO Included extra file "/tmp/appsmith/supervisor-conf.d/redis.conf" during parsing
2023-12-06 18:50:43,265 INFO Included extra file "/tmp/appsmith/supervisor-conf.d/rts.conf" during parsing
2023-12-06 18:50:43,268 INFO RPC interface 'supervisor' initialized
2023-12-06 18:50:43,269 INFO RPC interface 'supervisor' initialized
2023-12-06 18:50:43,269 CRIT Server 'unix_http_server' running without any HTTP authentication checking
2023-12-06 18:50:43,269 INFO supervisord started with pid 1
2023-12-06 18:50:43,372 INFO spawned: 'stdout' with pid 1464
2023-12-06 18:50:43,373 INFO spawned: 'redis' with pid 1465
2023-12-06 18:50:43,374 INFO spawned: 'mongodb' with pid 1466
2023-12-06 18:50:43,375 INFO spawned: 'rts' with pid 1467
2023-12-06 18:50:43,376 INFO spawned: 'backend' with pid 1468
2023-12-06 18:50:43,377 INFO spawned: 'editor' with pid 1472
2023-12-06 18:50:43,379 INFO spawned: 'postgres' with pid 1475
2023-12-06 18:50:43,379 INFO reaped unknown pid 17
2023-12-06 18:50:43,382 INFO success: redis entered RUNNING state, process has stayed up for > than 0 seconds (startsecs)
2023-12-06 18:50:43,383 INFO success: rts entered RUNNING state, process has stayed up for > than 0 seconds (startsecs)
2023-12-06 18:50:43,383 INFO success: editor entered RUNNING state, process has stayed up for > than 0 seconds (startsecs)
2023-12-06 18:50:44,392 INFO success: stdout entered RUNNING state, process has stayed up for > than 1 seconds (startsecs)
2023-12-06 18:50:44,393 INFO success: postgres entered RUNNING state, process has stayed up for > than 1 seconds (startsecs)
2023-12-06 18:50:45,670 INFO reaped unknown pid 40
2023-12-06 18:50:53,765 INFO success: mongodb entered RUNNING state, process has stayed up for > than 10 seconds (startsecs)
2023-12-06 18:51:03,518 INFO success: backend entered RUNNING state, process has stayed up for > than 20 seconds (startsecs)
2023-12-06 21:53:35,420 WARN received SIGTERM indicating exit request
2023-12-06 21:53:35,421 INFO waiting for stdout, redis, mongodb, rts, backend, editor, postgres to die
2023-12-06 21:53:35,436 INFO stopped: postgres (exit status 0)
2023-12-06 21:53:38,460 INFO waiting for stdout, redis, mongodb, rts, backend, editor to die
2023-12-06 21:53:41,475 INFO waiting for stdout, redis, mongodb, rts, backend, editor to die
2023-12-06 21:53:44,511 INFO waiting for stdout, redis, mongodb, rts, backend, editor to die
2023-12-06 21:59:45,676 CRIT Supervisor is running as root.  Privileges were not dropped because no user is specified in the config file.  If you intend to run as root, you can set user=root in the config file to avoid this message.
2023-12-06 21:59:45,676 INFO Included extra file "/tmp/appsmith/supervisor-conf.d/backend.conf" during parsing
2023-12-06 21:59:45,677 INFO Included extra file "/tmp/appsmith/supervisor-conf.d/editor.conf" during parsing
2023-12-06 21:59:45,677 INFO Included extra file "/tmp/appsmith/supervisor-conf.d/mongodb.conf" during parsing
2023-12-06 21:59:45,677 INFO Included extra file "/tmp/appsmith/supervisor-conf.d/postgres.conf" during parsing
2023-12-06 21:59:45,677 INFO Included extra file "/tmp/appsmith/supervisor-conf.d/redis.conf" during parsing
2023-12-06 21:59:45,677 INFO Included extra file "/tmp/appsmith/supervisor-conf.d/rts.conf" during parsing
2023-12-06 21:59:45,681 INFO RPC interface 'supervisor' initialized
2023-12-06 21:59:45,987 INFO RPC interface 'supervisor' initialized
2023-12-06 21:59:45,988 CRIT Server 'unix_http_server' running without any HTTP authentication checking
2023-12-06 21:59:45,989 INFO supervisord started with pid 1
2023-12-06 21:59:46,998 INFO spawned: 'stdout' with pid 1497
2023-12-06 21:59:47,003 INFO spawned: 'redis' with pid 1498
2023-12-06 21:59:47,007 INFO spawned: 'mongodb' with pid 1499
2023-12-06 21:59:47,012 INFO spawned: 'rts' with pid 1500
2023-12-06 21:59:47,017 INFO spawned: 'backend' with pid 1504
2023-12-06 21:59:47,025 INFO spawned: 'editor' with pid 1506
2023-12-06 21:59:47,028 INFO spawned: 'postgres' with pid 1508
2023-12-06 21:59:47,029 INFO reaped unknown pid 17
2023-12-06 21:59:47,033 INFO success: redis entered RUNNING state, process has stayed up for > than 0 seconds (startsecs)
2023-12-06 21:59:47,034 INFO success: rts entered RUNNING state, process has stayed up for > than 0 seconds (startsecs)
2023-12-06 21:59:47,034 INFO success: editor entered RUNNING state, process has stayed up for > than 0 seconds (startsecs)
2023-12-06 21:59:48,054 INFO success: stdout entered RUNNING state, process has stayed up for > than 1 seconds (startsecs)
2023-12-06 21:59:48,054 INFO success: postgres entered RUNNING state, process has stayed up for > than 1 seconds (startsecs)
2023-12-06 21:59:49,150 INFO reaped unknown pid 40
2023-12-06 21:59:57,034 INFO success: mongodb entered RUNNING state, process has stayed up for > than 10 seconds (startsecs)
2023-12-06 22:00:07,243 INFO success: backend entered RUNNING state, process has stayed up for > than 20 seconds (startsecs)
2023-12-06 22:21:10,838 WARN received SIGTERM indicating exit request
2023-12-06 22:21:10,839 INFO waiting for stdout, redis, mongodb, rts, backend, editor, postgres to die
2023-12-06 22:21:10,858 INFO stopped: postgres (exit status 0)
2023-12-06 22:21:13,875 INFO waiting for stdout, redis, mongodb, rts, backend, editor to die
2023-12-06 22:21:16,890 INFO waiting for stdout, redis, mongodb, rts, backend, editor to die
2023-12-06 22:21:19,907 INFO waiting for stdout, redis, mongodb, rts, backend, editor to die
2023-12-06 22:21:30,302 CRIT Supervisor is running as root.  Privileges were not dropped because no user is specified in the config file.  If you intend to run as root, you can set user=root in the config file to avoid this message.
2023-12-06 22:21:30,303 INFO Included extra file "/tmp/appsmith/supervisor-conf.d/backend.conf" during parsing
2023-12-06 22:21:30,303 INFO Included extra file "/tmp/appsmith/supervisor-conf.d/editor.conf" during parsing
2023-12-06 22:21:30,303 INFO Included extra file "/tmp/appsmith/supervisor-conf.d/mongodb.conf" during parsing
2023-12-06 22:21:30,303 INFO Included extra file "/tmp/appsmith/supervisor-conf.d/postgres.conf" during parsing
2023-12-06 22:21:30,303 INFO Included extra file "/tmp/appsmith/supervisor-conf.d/redis.conf" during parsing
2023-12-06 22:21:30,303 INFO Included extra file "/tmp/appsmith/supervisor-conf.d/rts.conf" during parsing
2023-12-06 22:21:30,306 INFO RPC interface 'supervisor' initialized
2023-12-06 22:21:30,306 INFO RPC interface 'supervisor' initialized
2023-12-06 22:21:30,307 CRIT Server 'unix_http_server' running without any HTTP authentication checking
2023-12-06 22:21:30,307 INFO supervisord started with pid 1
2023-12-06 22:21:30,381 INFO spawned: 'stdout' with pid 1464
2023-12-06 22:21:30,382 INFO spawned: 'redis' with pid 1465
2023-12-06 22:21:30,383 INFO spawned: 'mongodb' with pid 1466
2023-12-06 22:21:30,384 INFO spawned: 'rts' with pid 1467
2023-12-06 22:21:30,385 INFO spawned: 'backend' with pid 1468
2023-12-06 22:21:30,387 INFO spawned: 'editor' with pid 1472
2023-12-06 22:21:30,389 INFO spawned: 'postgres' with pid 1475
2023-12-06 22:21:30,390 INFO reaped unknown pid 17
2023-12-06 22:21:30,398 INFO success: redis entered RUNNING state, process has stayed up for > than 0 seconds (startsecs)
2023-12-06 22:21:30,398 INFO success: rts entered RUNNING state, process has stayed up for > than 0 seconds (startsecs)
2023-12-06 22:21:30,399 INFO success: editor entered RUNNING state, process has stayed up for > than 0 seconds (startsecs)
2023-12-06 22:21:31,402 INFO success: stdout entered RUNNING state, process has stayed up for > than 1 seconds (startsecs)
2023-12-06 22:21:31,402 INFO success: postgres entered RUNNING state, process has stayed up for > than 1 seconds (startsecs)
2023-12-06 22:21:32,777 INFO reaped unknown pid 40
2023-12-06 22:21:40,668 INFO success: mongodb entered RUNNING state, process has stayed up for > than 10 seconds (startsecs)
2023-12-06 22:21:50,657 INFO success: backend entered RUNNING state, process has stayed up for > than 20 seconds (startsecs)
2023-12-06 22:58:43,400 WARN received SIGTERM indicating exit request
2023-12-06 22:58:43,402 INFO waiting for stdout, redis, mongodb, rts, backend, editor, postgres to die
2023-12-06 22:58:44,425 INFO stopped: postgres (exit status 0)
2023-12-06 22:58:46,512 INFO waiting for stdout, redis, mongodb, rts, backend, editor to die
2023-12-06 22:58:49,694 INFO waiting for stdout, redis, mongodb, rts, backend, editor to die
2023-12-06 22:58:52,712 INFO waiting for stdout, redis, mongodb, rts, backend, editor to die
2023-12-07 02:21:37,968 CRIT Supervisor is running as root.  Privileges were not dropped because no user is specified in the config file.  If you intend to run as root, you can set user=root in the config file to avoid this message.
2023-12-07 02:21:37,970 INFO Included extra file "/tmp/appsmith/supervisor-conf.d/backend.conf" during parsing
2023-12-07 02:21:37,971 INFO Included extra file "/tmp/appsmith/supervisor-conf.d/editor.conf" during parsing
2023-12-07 02:21:37,971 INFO Included extra file "/tmp/appsmith/supervisor-conf.d/mongodb.conf" during parsing
2023-12-07 02:21:37,971 INFO Included extra file "/tmp/appsmith/supervisor-conf.d/postgres.conf" during parsing
2023-12-07 02:21:37,971 INFO Included extra file "/tmp/appsmith/supervisor-conf.d/redis.conf" during parsing
2023-12-07 02:21:37,971 INFO Included extra file "/tmp/appsmith/supervisor-conf.d/rts.conf" during parsing
2023-12-07 02:21:37,975 INFO RPC interface 'supervisor' initialized
2023-12-07 02:21:38,280 INFO RPC interface 'supervisor' initialized
2023-12-07 02:21:38,281 CRIT Server 'unix_http_server' running without any HTTP authentication checking
2023-12-07 02:21:38,282 INFO supervisord started with pid 1
2023-12-07 02:21:39,292 INFO spawned: 'stdout' with pid 1498
2023-12-07 02:21:39,295 INFO spawned: 'redis' with pid 1499
2023-12-07 02:21:39,298 INFO spawned: 'mongodb' with pid 1500
2023-12-07 02:21:39,303 INFO spawned: 'rts' with pid 1501
2023-12-07 02:21:39,309 INFO spawned: 'backend' with pid 1505
2023-12-07 02:21:39,311 INFO spawned: 'editor' with pid 1507
2023-12-07 02:21:39,313 INFO spawned: 'postgres' with pid 1509
2023-12-07 02:21:39,314 INFO reaped unknown pid 17
2023-12-07 02:21:39,327 INFO success: redis entered RUNNING state, process has stayed up for > than 0 seconds (startsecs)
2023-12-07 02:21:39,328 INFO success: rts entered RUNNING state, process has stayed up for > than 0 seconds (startsecs)
2023-12-07 02:21:39,328 INFO success: editor entered RUNNING state, process has stayed up for > than 0 seconds (startsecs)
2023-12-07 02:21:40,330 INFO success: stdout entered RUNNING state, process has stayed up for > than 1 seconds (startsecs)
2023-12-07 02:21:40,331 INFO success: postgres entered RUNNING state, process has stayed up for > than 1 seconds (startsecs)
2023-12-07 02:21:41,424 INFO reaped unknown pid 40
2023-12-07 02:21:49,296 INFO success: mongodb entered RUNNING state, process has stayed up for > than 10 seconds (startsecs)
2023-12-07 02:21:59,634 INFO success: backend entered RUNNING state, process has stayed up for > than 20 seconds (startsecs)
2023-12-07 03:21:07,264 WARN received SIGTERM indicating exit request
2023-12-07 03:21:07,264 INFO waiting for stdout, redis, mongodb, rts, backend, editor, postgres to die
2023-12-07 03:21:07,279 INFO stopped: postgres (exit status 0)
2023-12-07 03:21:10,313 INFO waiting for stdout, redis, mongodb, rts, backend, editor to die
2023-12-07 03:21:13,322 INFO waiting for stdout, redis, mongodb, rts, backend, editor to die
2023-12-07 03:21:16,333 INFO waiting for stdout, redis, mongodb, rts, backend, editor to die
2023-12-07 03:21:38,272 CRIT Supervisor is running as root.  Privileges were not dropped because no user is specified in the config file.  If you intend to run as root, you can set user=root in the config file to avoid this message.
2023-12-07 03:21:38,273 INFO Included extra file "/tmp/appsmith/supervisor-conf.d/backend.conf" during parsing
2023-12-07 03:21:38,273 INFO Included extra file "/tmp/appsmith/supervisor-conf.d/editor.conf" during parsing
2023-12-07 03:21:38,273 INFO Included extra file "/tmp/appsmith/supervisor-conf.d/mongodb.conf" during parsing
2023-12-07 03:21:38,273 INFO Included extra file "/tmp/appsmith/supervisor-conf.d/postgres.conf" during parsing
2023-12-07 03:21:38,273 INFO Included extra file "/tmp/appsmith/supervisor-conf.d/redis.conf" during parsing
2023-12-07 03:21:38,273 INFO Included extra file "/tmp/appsmith/supervisor-conf.d/rts.conf" during parsing
2023-12-07 03:21:38,276 INFO RPC interface 'supervisor' initialized
2023-12-07 03:21:38,276 INFO RPC interface 'supervisor' initialized
2023-12-07 03:21:38,277 CRIT Server 'unix_http_server' running without any HTTP authentication checking
2023-12-07 03:21:38,277 INFO supervisord started with pid 1
2023-12-07 03:21:38,387 INFO spawned: 'stdout' with pid 1464
2023-12-07 03:21:38,389 INFO spawned: 'redis' with pid 1465
2023-12-07 03:21:38,390 INFO spawned: 'mongodb' with pid 1466
2023-12-07 03:21:38,391 INFO spawned: 'rts' with pid 1467
2023-12-07 03:21:38,392 INFO spawned: 'backend' with pid 1468
2023-12-07 03:21:38,394 INFO spawned: 'editor' with pid 1472
2023-12-07 03:21:38,396 INFO spawned: 'postgres' with pid 1475
2023-12-07 03:21:38,396 INFO reaped unknown pid 17
2023-12-07 03:21:38,404 INFO success: redis entered RUNNING state, process has stayed up for > than 0 seconds (startsecs)
2023-12-07 03:21:38,404 INFO success: rts entered RUNNING state, process has stayed up for > than 0 seconds (startsecs)
2023-12-07 03:21:38,405 INFO success: editor entered RUNNING state, process has stayed up for > than 0 seconds (startsecs)
2023-12-07 03:21:39,412 INFO success: stdout entered RUNNING state, process has stayed up for > than 1 seconds (startsecs)
2023-12-07 03:21:39,413 INFO success: postgres entered RUNNING state, process has stayed up for > than 1 seconds (startsecs)
2023-12-07 03:21:40,730 INFO reaped unknown pid 40
2023-12-07 03:21:48,488 INFO success: mongodb entered RUNNING state, process has stayed up for > than 10 seconds (startsecs)
2023-12-07 03:21:58,774 INFO success: backend entered RUNNING state, process has stayed up for > than 20 seconds (startsecs)
2023-12-07 03:28:49,362 WARN received SIGTERM indicating exit request
2023-12-07 03:28:49,364 INFO waiting for stdout, redis, mongodb, rts, backend, editor, postgres to die
2023-12-07 03:28:49,391 INFO stopped: postgres (exit status 0)
2023-12-07 03:28:52,415 INFO waiting for stdout, redis, mongodb, rts, backend, editor to die
2023-12-07 03:28:55,424 INFO waiting for stdout, redis, mongodb, rts, backend, editor to die
2023-12-07 03:28:58,460 INFO waiting for stdout, redis, mongodb, rts, backend, editor to die
