+ ssl_conf_path=/appsmith-stacks/data/certificate/conf
+ mkdir -pv /appsmith-stacks/data/certificate/conf
+ cat
+ cat
+ [[ -z 'self' * ]]
+ export 'APPSMITH_ALLOWED_FRAME_ANCESTORS='\''self'\'' *'
+ APPSMITH_ALLOWED_FRAME_ANCESTORS=''\''self'\'' *'
+ [[ -z false ]]
+ use_https=0
+ [[ -n '' ]]
+ /opt/appsmith/templates/nginx-app.conf.sh 0 ''
+ cp -r /opt/appsmith/editor/404-image.png /opt/appsmith/editor/404.css /opt/appsmith/editor/404.html /opt/appsmith/editor/asset-manifest.json /opt/appsmith/editor/asset-manifest.json.gz /opt/appsmith/editor/favicon-black.ico /opt/appsmith/editor/index.html /opt/appsmith/editor/index.html.gz /opt/appsmith/editor/libraries /opt/appsmith/editor/manifest.json /opt/appsmith/editor/page.min.js /opt/appsmith/editor/pageService.js /opt/appsmith/editor/pageService.js.LICENSE.txt /opt/appsmith/editor/pageService.js.br /opt/appsmith/editor/pageService.js.gz /opt/appsmith/editor/pageService.js.map /opt/appsmith/editor/pageService.js.map.gz /opt/appsmith/editor/privacy-policy.html /opt/appsmith/editor/static /opt/appsmith/editor/terms-and-conditions.html /opt/appsmith/editor/tinymce /tmp/appsmith/www
+ apply-env-vars /opt/appsmith/editor/index.html /tmp/appsmith/www/index.html
+ original=/opt/appsmith/editor/index.html
+ served=/tmp/appsmith/www/index.html
+ node -e '
  const fs = require("fs")
  const content = fs.readFileSync("/opt/appsmith/editor/index.html", "utf8").replace(
    /\b__(APPSMITH_[A-Z0-9_]+)__\b/g,
    (placeholder, name) => (process.env[name] || "")
  )
  fs.writeFileSync("/tmp/appsmith/www/index.html", content)
  '
++ dirname /tmp/appsmith/www/index.html
+ pushd /tmp/appsmith/www
++ basename /tmp/appsmith/www/index.html
+ gzip --keep --force index.html
+ popd
+ exec nginx -g 'daemon off;error_log stderr info;'
2023/12/05 22:15:55 [notice] 1719#1719: using the "epoll" event method
2023/12/05 22:15:55 [notice] 1719#1719: nginx/1.18.0 (Ubuntu)
2023/12/05 22:15:55 [notice] 1719#1719: OS: Linux 6.4.16-linuxkit
2023/12/05 22:15:55 [notice] 1719#1719: getrlimit(RLIMIT_NOFILE): 1048576:1048576
2023/12/05 22:15:55 [notice] 1719#1719: start worker processes
2023/12/05 22:15:55 [notice] 1719#1719: start worker process 1778
2023/12/05 22:15:55 [notice] 1719#1719: start worker process 1779
2023/12/05 22:15:55 [notice] 1719#1719: start worker process 1780
2023/12/05 22:15:55 [notice] 1719#1719: start worker process 1781
2023/12/05 22:15:55 [notice] 1719#1719: start worker process 1782
2023/12/05 22:15:55 [notice] 1719#1719: start worker process 1783
2023/12/05 22:15:55 [notice] 1719#1719: start worker process 1784
2023/12/05 22:15:55 [notice] 1719#1719: start worker process 1785
2023/12/05 22:15:55 [notice] 1719#1719: start worker process 1786
2023/12/05 22:15:55 [notice] 1719#1719: start worker process 1787
2023/12/05 22:15:55 [notice] 1719#1719: start worker process 1788
2023/12/05 22:15:55 [notice] 1719#1719: start worker process 1789
2023/12/05 23:58:09 [notice] 1719#1719: signal 3 (SIGQUIT) received from 1, shutting down
2023/12/05 23:58:09 [notice] 1778#1778: gracefully shutting down
2023/12/05 23:58:09 [notice] 1779#1779: gracefully shutting down
2023/12/05 23:58:09 [notice] 1781#1781: gracefully shutting down
2023/12/05 23:58:09 [notice] 1779#1779: exiting
2023/12/05 23:58:09 [notice] 1781#1781: exiting
2023/12/05 23:58:09 [notice] 1786#1786: gracefully shutting down
2023/12/05 23:58:09 [notice] 1782#1782: gracefully shutting down
2023/12/05 23:58:09 [notice] 1783#1783: gracefully shutting down
2023/12/05 23:58:09 [notice] 1785#1785: gracefully shutting down
2023/12/05 23:58:09 [notice] 1786#1786: exiting
2023/12/05 23:58:09 [notice] 1788#1788: gracefully shutting down
2023/12/05 23:58:09 [notice] 1789#1789: gracefully shutting down
2023/12/05 23:58:09 [notice] 1780#1780: gracefully shutting down
2023/12/05 23:58:09 [notice] 1789#1789: exiting
2023/12/05 23:58:09 [notice] 1788#1788: exiting
2023/12/05 23:58:09 [notice] 1784#1784: gracefully shutting down
2023/12/05 23:58:09 [notice] 1782#1782: exiting
2023/12/05 23:58:09 [notice] 1785#1785: exiting
2023/12/05 23:58:09 [notice] 1780#1780: exiting
2023/12/05 23:58:09 [notice] 1783#1783: exiting
2023/12/05 23:58:09 [notice] 1787#1787: gracefully shutting down
2023/12/05 23:58:09 [notice] 1784#1784: exiting
2023/12/05 23:58:09 [notice] 1787#1787: exiting
2023/12/05 23:58:09 [notice] 1779#1779: exit
2023/12/05 23:58:09 [notice] 1788#1788: exit
2023/12/05 23:58:09 [notice] 1789#1789: exit
2023/12/05 23:58:09 [notice] 1786#1786: exit
2023/12/05 23:58:09 [notice] 1781#1781: exit
2023/12/05 23:58:09 [notice] 1785#1785: exit
2023/12/05 23:58:09 [notice] 1782#1782: exit
2023/12/05 23:58:09 [notice] 1783#1783: exit
2023/12/05 23:58:09 [notice] 1784#1784: exit
2023/12/05 23:58:09 [notice] 1780#1780: exit
2023/12/05 23:58:09 [notice] 1787#1787: exit
2023/12/05 23:58:09 [notice] 1719#1719: signal 17 (SIGCHLD) received from 1786
2023/12/05 23:58:09 [notice] 1719#1719: worker process 1785 exited with code 0
2023/12/05 23:58:09 [notice] 1719#1719: worker process 1786 exited with code 0
2023/12/05 23:58:09 [notice] 1719#1719: signal 29 (SIGIO) received
2023/12/05 23:58:09 [notice] 1719#1719: signal 17 (SIGCHLD) received from 1785
2023/12/05 23:58:09 [notice] 1719#1719: worker process 1781 exited with code 0
2023/12/05 23:58:09 [notice] 1719#1719: worker process 1779 exited with code 0
2023/12/05 23:58:09 [notice] 1719#1719: worker process 1788 exited with code 0
2023/12/05 23:58:09 [notice] 1719#1719: worker process 1789 exited with code 0
2023/12/05 23:58:09 [notice] 1719#1719: signal 29 (SIGIO) received
2023/12/05 23:58:09 [notice] 1719#1719: signal 17 (SIGCHLD) received from 1779
2023/12/05 23:58:09 [notice] 1719#1719: signal 17 (SIGCHLD) received from 1783
2023/12/05 23:58:09 [notice] 1719#1719: worker process 1783 exited with code 0
2023/12/05 23:58:09 [notice] 1719#1719: worker process 1784 exited with code 0
2023/12/05 23:58:09 [notice] 1719#1719: signal 29 (SIGIO) received
2023/12/05 23:58:09 [notice] 1719#1719: signal 17 (SIGCHLD) received from 1784
2023/12/05 23:58:09 [notice] 1719#1719: worker process 1780 exited with code 0
2023/12/05 23:58:09 [notice] 1719#1719: worker process 1782 exited with code 0
2023/12/05 23:58:09 [notice] 1719#1719: worker process 1787 exited with code 0
2023/12/05 23:58:09 [notice] 1719#1719: signal 29 (SIGIO) received
2023/12/05 23:58:09 [notice] 1719#1719: signal 17 (SIGCHLD) received from 1787
+ ssl_conf_path=/appsmith-stacks/data/certificate/conf
+ mkdir -pv /appsmith-stacks/data/certificate/conf
+ cat
+ cat
+ [[ -z 'self' * ]]
+ export 'APPSMITH_ALLOWED_FRAME_ANCESTORS='\''self'\'' *'
+ APPSMITH_ALLOWED_FRAME_ANCESTORS=''\''self'\'' *'
+ [[ -z false ]]
+ use_https=0
+ [[ -n '' ]]
+ /opt/appsmith/templates/nginx-app.conf.sh 0 ''
+ cp -r /opt/appsmith/editor/404-image.png /opt/appsmith/editor/404.css /opt/appsmith/editor/404.html /opt/appsmith/editor/asset-manifest.json /opt/appsmith/editor/asset-manifest.json.gz /opt/appsmith/editor/favicon-black.ico /opt/appsmith/editor/index.html /opt/appsmith/editor/index.html.gz /opt/appsmith/editor/libraries /opt/appsmith/editor/manifest.json /opt/appsmith/editor/page.min.js /opt/appsmith/editor/pageService.js /opt/appsmith/editor/pageService.js.LICENSE.txt /opt/appsmith/editor/pageService.js.br /opt/appsmith/editor/pageService.js.gz /opt/appsmith/editor/pageService.js.map /opt/appsmith/editor/pageService.js.map.gz /opt/appsmith/editor/privacy-policy.html /opt/appsmith/editor/static /opt/appsmith/editor/terms-and-conditions.html /opt/appsmith/editor/tinymce /tmp/appsmith/www
+ apply-env-vars /opt/appsmith/editor/index.html /tmp/appsmith/www/index.html
+ original=/opt/appsmith/editor/index.html
+ served=/tmp/appsmith/www/index.html
+ node -e '
  const fs = require("fs")
  const content = fs.readFileSync("/opt/appsmith/editor/index.html", "utf8").replace(
    /\b__(APPSMITH_[A-Z0-9_]+)__\b/g,
    (placeholder, name) => (process.env[name] || "")
  )
  fs.writeFileSync("/tmp/appsmith/www/index.html", content)
  '
++ dirname /tmp/appsmith/www/index.html
+ pushd /tmp/appsmith/www
++ basename /tmp/appsmith/www/index.html
+ gzip --keep --force index.html
+ popd
+ exec nginx -g 'daemon off;error_log stderr info;'
2023/12/05 23:58:28 [notice] 1507#1507: using the "epoll" event method
2023/12/05 23:58:28 [notice] 1507#1507: nginx/1.18.0 (Ubuntu)
2023/12/05 23:58:28 [notice] 1507#1507: OS: Linux 6.4.16-linuxkit
2023/12/05 23:58:28 [notice] 1507#1507: getrlimit(RLIMIT_NOFILE): 1048576:1048576
2023/12/05 23:58:28 [notice] 1507#1507: start worker processes
2023/12/05 23:58:28 [notice] 1507#1507: start worker process 1566
2023/12/05 23:58:28 [notice] 1507#1507: start worker process 1567
2023/12/05 23:58:28 [notice] 1507#1507: start worker process 1568
2023/12/05 23:58:28 [notice] 1507#1507: start worker process 1569
2023/12/05 23:58:28 [notice] 1507#1507: start worker process 1570
2023/12/05 23:58:28 [notice] 1507#1507: start worker process 1571
2023/12/05 23:58:28 [notice] 1507#1507: start worker process 1572
2023/12/05 23:58:28 [notice] 1507#1507: start worker process 1573
2023/12/05 23:58:28 [notice] 1507#1507: start worker process 1574
2023/12/05 23:58:28 [notice] 1507#1507: start worker process 1575
2023/12/05 23:58:28 [notice] 1507#1507: start worker process 1576
2023/12/05 23:58:28 [notice] 1507#1507: start worker process 1577
2023/12/06 00:01:33 [notice] 1507#1507: signal 3 (SIGQUIT) received from 1, shutting down
2023/12/06 00:01:33 [notice] 1567#1567: gracefully shutting down
2023/12/06 00:01:33 [notice] 1567#1567: exiting
2023/12/06 00:01:33 [notice] 1573#1573: gracefully shutting down
2023/12/06 00:01:33 [notice] 1575#1575: gracefully shutting down
2023/12/06 00:01:33 [notice] 1573#1573: exiting
2023/12/06 00:01:33 [notice] 1575#1575: exiting
2023/12/06 00:01:33 [notice] 1574#1574: gracefully shutting down
2023/12/06 00:01:33 [notice] 1574#1574: exiting
2023/12/06 00:01:33 [notice] 1576#1576: gracefully shutting down
2023/12/06 00:01:33 [notice] 1576#1576: exiting
2023/12/06 00:01:33 [notice] 1572#1572: gracefully shutting down
2023/12/06 00:01:33 [notice] 1572#1572: exiting
2023/12/06 00:01:33 [notice] 1566#1566: gracefully shutting down
2023/12/06 00:01:33 [notice] 1568#1568: gracefully shutting down
2023/12/06 00:01:33 [notice] 1568#1568: exiting
2023/12/06 00:01:33 [notice] 1569#1569: gracefully shutting down
2023/12/06 00:01:33 [notice] 1569#1569: exiting
2023/12/06 00:01:33 [notice] 1570#1570: gracefully shutting down
2023/12/06 00:01:33 [notice] 1571#1571: gracefully shutting down
2023/12/06 00:01:33 [notice] 1570#1570: exiting
2023/12/06 00:01:33 [notice] 1571#1571: exiting
2023/12/06 00:01:33 [notice] 1577#1577: gracefully shutting down
2023/12/06 00:01:33 [notice] 1577#1577: exiting
2023/12/06 00:01:33 [notice] 1573#1573: exit
2023/12/06 00:01:33 [notice] 1576#1576: exit
2023/12/06 00:01:33 [notice] 1572#1572: exit
2023/12/06 00:01:33 [notice] 1568#1568: exit
2023/12/06 00:01:33 [notice] 1569#1569: exit
2023/12/06 00:01:33 [notice] 1575#1575: exit
2023/12/06 00:01:33 [notice] 1507#1507: signal 17 (SIGCHLD) received from 1572
2023/12/06 00:01:33 [notice] 1507#1507: worker process 1572 exited with code 0
2023/12/06 00:01:33 [notice] 1507#1507: worker process 1576 exited with code 0
2023/12/06 00:01:33 [notice] 1574#1574: exit
2023/12/06 00:01:33 [notice] 1507#1507: signal 29 (SIGIO) received
2023/12/06 00:01:33 [notice] 1507#1507: signal 17 (SIGCHLD) received from 1576
2023/12/06 00:01:33 [notice] 1507#1507: worker process 1573 exited with code 0
2023/12/06 00:01:33 [notice] 1507#1507: signal 29 (SIGIO) received
2023/12/06 00:01:33 [notice] 1507#1507: signal 17 (SIGCHLD) received from 1568
2023/12/06 00:01:33 [notice] 1507#1507: worker process 1568 exited with code 0
2023/12/06 00:01:33 [notice] 1507#1507: worker process 1569 exited with code 0
2023/12/06 00:01:33 [notice] 1507#1507: worker process 1575 exited with code 0
2023/12/06 00:01:33 [notice] 1507#1507: signal 29 (SIGIO) received
2023/12/06 00:01:33 [notice] 1577#1577: exit
2023/12/06 00:01:33 [notice] 1571#1571: exit
2023/12/06 00:01:33 [notice] 1507#1507: signal 17 (SIGCHLD) received from 1574
2023/12/06 00:01:33 [notice] 1507#1507: worker process 1574 exited with code 0
2023/12/06 00:01:33 [notice] 1507#1507: signal 29 (SIGIO) received
2023/12/06 00:01:33 [notice] 1570#1570: exit
2023/12/06 00:01:33 [notice] 1507#1507: signal 17 (SIGCHLD) received from 1577
2023/12/06 00:01:33 [notice] 1507#1507: worker process 1577 exited with code 0
2023/12/06 00:01:33 [notice] 1507#1507: signal 29 (SIGIO) received
2023/12/06 00:01:33 [notice] 1507#1507: signal 17 (SIGCHLD) received from 1571
2023/12/06 00:01:33 [notice] 1507#1507: worker process 1571 exited with code 0
2023/12/06 00:01:33 [notice] 1507#1507: signal 29 (SIGIO) received
2023/12/06 00:01:33 [notice] 1507#1507: signal 17 (SIGCHLD) received from 1570
2023/12/06 00:01:33 [notice] 1507#1507: worker process 1570 exited with code 0
2023/12/06 00:01:33 [notice] 1507#1507: signal 29 (SIGIO) received
2023/12/06 00:01:33 [notice] 1567#1567: exit
2023/12/06 00:01:33 [notice] 1507#1507: signal 17 (SIGCHLD) received from 1567
2023/12/06 00:01:33 [notice] 1507#1507: worker process 1567 exited with code 0
2023/12/06 00:01:33 [notice] 1507#1507: signal 29 (SIGIO) received
